global_state.rb: process with pid 2773 started.
global_state.rb: process with pid 15810 started.
global_state.rb: process with pid 19232 started.
/Users/yyong/.rbenv/versions/2.2.1/lib/ruby/gems/2.2.0/gems/redis-3.0.7/lib/redis/client.rb:222:in `rescue in io': Connection timed out (Redis::TimeoutError)
	from /Users/yyong/.rbenv/versions/2.2.1/lib/ruby/gems/2.2.0/gems/redis-3.0.7/lib/redis/client.rb:220:in `io'
	from /Users/yyong/.rbenv/versions/2.2.1/lib/ruby/gems/2.2.0/gems/redis-3.0.7/lib/redis/client.rb:228:in `read'
	from /Users/yyong/.rbenv/versions/2.2.1/lib/ruby/gems/2.2.0/gems/redis-3.0.7/lib/redis/client.rb:96:in `block in call'
	from /Users/yyong/.rbenv/versions/2.2.1/lib/ruby/gems/2.2.0/gems/redis-3.0.7/lib/redis/client.rb:201:in `block (2 levels) in process'
	from /Users/yyong/.rbenv/versions/2.2.1/lib/ruby/gems/2.2.0/gems/redis-3.0.7/lib/redis/client.rb:309:in `ensure_connected'
	from /Users/yyong/.rbenv/versions/2.2.1/lib/ruby/gems/2.2.0/gems/redis-3.0.7/lib/redis/client.rb:191:in `block in process'
	from /Users/yyong/.rbenv/versions/2.2.1/lib/ruby/gems/2.2.0/gems/redis-3.0.7/lib/redis/client.rb:270:in `logging'
	from /Users/yyong/.rbenv/versions/2.2.1/lib/ruby/gems/2.2.0/gems/redis-3.0.7/lib/redis/client.rb:190:in `process'
	from /Users/yyong/.rbenv/versions/2.2.1/lib/ruby/gems/2.2.0/gems/redis-3.0.7/lib/redis/client.rb:96:in `call'
	from /Users/yyong/.rbenv/versions/2.2.1/lib/ruby/gems/2.2.0/gems/redis-3.0.7/lib/redis.rb:784:in `block in get'
	from /Users/yyong/.rbenv/versions/2.2.1/lib/ruby/gems/2.2.0/gems/redis-3.0.7/lib/redis.rb:37:in `block in synchronize'
	from /Users/yyong/.rbenv/versions/2.2.1/lib/ruby/2.2.0/monitor.rb:211:in `mon_synchronize'
	from /Users/yyong/.rbenv/versions/2.2.1/lib/ruby/gems/2.2.0/gems/redis-3.0.7/lib/redis.rb:37:in `synchronize'
	from /Users/yyong/.rbenv/versions/2.2.1/lib/ruby/gems/2.2.0/gems/redis-3.0.7/lib/redis.rb:783:in `get'
	from /Users/yyong/.rbenv/versions/2.2.1/lib/ruby/gems/2.2.0/gems/redis-store-1.1.4/lib/redis/store/interface.rb:5:in `get'
	from /Users/yyong/.rbenv/versions/2.2.1/lib/ruby/gems/2.2.0/gems/redis-store-1.1.4/lib/redis/store/marshalling.rb:17:in `get'
	from /Users/yyong/.rbenv/versions/2.2.1/lib/ruby/gems/2.2.0/gems/redis-activesupport-4.0.0/lib/active_support/cache/redis_store.rb:169:in `read_entry'
	from /Users/yyong/.rbenv/versions/2.2.1/lib/ruby/gems/2.2.0/gems/activesupport-4.0.12/lib/active_support/cache.rb:314:in `block in read'
	from /Users/yyong/.rbenv/versions/2.2.1/lib/ruby/gems/2.2.0/gems/activesupport-4.0.12/lib/active_support/cache.rb:519:in `instrument'
	from /Users/yyong/.rbenv/versions/2.2.1/lib/ruby/gems/2.2.0/gems/activesupport-4.0.12/lib/active_support/cache.rb:313:in `read'
	from /Users/yyong/rbdev/peatio/app/models/global.rb:47:in `asks'
	from /Users/yyong/rbdev/peatio/app/models/global.rb:84:in `trigger_orderbook'
	from /Users/yyong/rbdev/peatio/lib/daemons/global_state.rb:20:in `block in <top (required)>'
	from /Users/yyong/rbdev/peatio/lib/daemons/global_state.rb:18:in `each'
	from /Users/yyong/rbdev/peatio/lib/daemons/global_state.rb:18:in `<top (required)>'
	from /Users/yyong/.rbenv/versions/2.2.1/lib/ruby/gems/2.2.0/gems/daemons-1.1.9/lib/daemons/application.rb:203:in `load'
	from /Users/yyong/.rbenv/versions/2.2.1/lib/ruby/gems/2.2.0/gems/daemons-1.1.9/lib/daemons/application.rb:203:in `start_load'
	from /Users/yyong/.rbenv/versions/2.2.1/lib/ruby/gems/2.2.0/gems/daemons-1.1.9/lib/daemons/application.rb:298:in `start'
	from /Users/yyong/.rbenv/versions/2.2.1/lib/ruby/gems/2.2.0/gems/daemons-1.1.9/lib/daemons/controller.rb:70:in `run'
	from /Users/yyong/.rbenv/versions/2.2.1/lib/ruby/gems/2.2.0/gems/daemons-1.1.9/lib/daemons.rb:147:in `block in run'
	from /Users/yyong/.rbenv/versions/2.2.1/lib/ruby/gems/2.2.0/gems/daemons-1.1.9/lib/daemons/cmdline.rb:109:in `call'
	from /Users/yyong/.rbenv/versions/2.2.1/lib/ruby/gems/2.2.0/gems/daemons-1.1.9/lib/daemons/cmdline.rb:109:in `catch_exceptions'
	from /Users/yyong/.rbenv/versions/2.2.1/lib/ruby/gems/2.2.0/gems/daemons-1.1.9/lib/daemons.rb:146:in `run'
	from /Users/yyong/.rbenv/versions/2.2.1/lib/ruby/gems/2.2.0/gems/daemons-rails-1.2.1/lib/daemons/rails.rb:16:in `run'
	from lib/daemons/global_state_ctl:6:in `<main>'
global_state.rb: process with pid 22161 started.
