peatio:amqp:trade_executor:1: process with pid 2754 started.
I, [2018-05-02T16:30:24.841177 #2754]  INFO -- : Connected to AMQP broker (prefetch: 5)
Terminating threads ..
Stopped.
peatio:amqp:trade_executor:1: process with pid 15790 started.
I, [2018-05-02T17:26:55.679124 #15790]  INFO -- : Connected to AMQP broker (prefetch: 5)
I, [2018-05-02T17:33:42.981097 #15790]  INFO -- : Received: {"market_id":"ethbtc","ask_id":2,"bid_id":8,"strike_price":"0.074","volume":"100.0","funds":"7.4","locale":"en"}
Terminating threads ..
Stopped.
peatio:amqp:trade_executor:1: process with pid 19213 started.
I, [2018-05-02T17:39:49.534527 #19213]  INFO -- : Connected to AMQP broker (prefetch: 5)
I, [2018-05-02T17:42:12.335096 #19213]  INFO -- : Received: {"market_id":"ethbtc","ask_id":11,"bid_id":10,"strike_price":"0.0078","volume":"300.0","funds":"2.34","locale":"en"}
I, [2018-05-02T17:44:02.637071 #19213]  INFO -- : Received: {"market_id":"ethbtc","ask_id":13,"bid_id":12,"strike_price":"0.0078","volume":"100.0","funds":"0.78","locale":"en"}
I, [2018-05-02T17:44:23.252760 #19213]  INFO -- : Received: {"market_id":"ethbtc","ask_id":14,"bid_id":12,"strike_price":"0.0078","volume":"900.0","funds":"7.02","locale":"en"}
I, [2018-05-02T17:44:23.413943 #19213]  INFO -- : Received: {"market_id":"ethbtc","ask_id":14,"bid_id":3,"strike_price":"0.0077","volume":"100.0","funds":"0.77","locale":"en"}
I, [2018-05-02T17:47:58.540838 #19213]  INFO -- : Received: {"market_id":"ethbtc","ask_id":21,"bid_id":20,"strike_price":"0.0078","volume":"1.0","funds":"0.0078","locale":"en"}
I, [2018-05-02T17:49:11.668215 #19213]  INFO -- : Received: {"market_id":"ethbtc","ask_id":15,"bid_id":22,"strike_price":"0.0079","volume":"200.0","funds":"1.58","locale":"en"}
I, [2018-05-02T17:49:32.898165 #19213]  INFO -- : Received: {"market_id":"ethbtc","ask_id":15,"bid_id":23,"strike_price":"0.0079","volume":"100.0","funds":"0.79","locale":"en"}
I, [2018-05-02T17:49:33.005973 #19213]  INFO -- : Received: {"market_id":"ethbtc","ask_id":16,"bid_id":23,"strike_price":"0.008","volume":"1000.0","funds":"8.0","locale":"en"}
I, [2018-05-02T17:49:33.122052 #19213]  INFO -- : Received: {"market_id":"ethbtc","ask_id":17,"bid_id":23,"strike_price":"0.0081","volume":"1000.0","funds":"8.1","locale":"en"}
I, [2018-05-02T17:49:57.625270 #19213]  INFO -- : Received: {"market_id":"ethbtc","ask_id":24,"bid_id":23,"strike_price":"0.5","volume":"900.0","funds":"450.0","locale":"en"}
I, [2018-05-02T17:50:40.720680 #19213]  INFO -- : Received: {"market_id":"ethbtc","ask_id":26,"bid_id":25,"strike_price":"0.41","volume":"900.0","funds":"369.0","locale":"en"}
I, [2018-05-02T17:50:55.312047 #19213]  INFO -- : Received: {"market_id":"ethbtc","ask_id":28,"bid_id":27,"strike_price":"0.43","volume":"900.0","funds":"387.0","locale":"en"}
I, [2018-05-02T17:51:13.467423 #19213]  INFO -- : Received: {"market_id":"ethbtc","ask_id":30,"bid_id":29,"strike_price":"0.39","volume":"900.0","funds":"351.0","locale":"en"}
I, [2018-05-03T12:54:55.762118 #19213]  INFO -- : Received: {"market_id":"ethbtc","ask_id":31,"bid_id":20,"strike_price":"0.0078","volume":"199.0","funds":"1.5522","locale":"en"}
Terminating threads ..
Stopped.
