peatio:amqp:pusher:1: process with pid 2805 started.
I, [2018-05-02T16:30:29.653553 #2805]  INFO -- : Connected to AMQP broker (prefetch: default)
I, [2018-05-02T16:33:05.392612 #2805]  INFO -- : Received: {"member_id":1,"event":"order","data":"{\"id\":1,\"at\":1525249985,\"market\":\"ethbtc\",\"kind\":\"bid\",\"price\":\"0.0076\",\"state\":\"wait\",\"state_text\":\"WAIT\",\"volume\":\"100.0\",\"origin_volume\":\"100.0\"}","locale":"en"}
I, [2018-05-02T16:33:05.777107 #2805]  INFO -- : Received: {"member_id":1,"event":"account","data":"{\"balance\":\"9999.24\",\"locked\":\"0.76\",\"currency\":\"btc\"}","locale":"en"}
I, [2018-05-02T16:33:45.882650 #2805]  INFO -- : Received: {"member_id":1,"event":"order","data":"{\"id\":2,\"at\":1525250025,\"market\":\"ethbtc\",\"kind\":\"ask\",\"price\":\"0.074\",\"state\":\"wait\",\"state_text\":\"WAIT\",\"volume\":\"100.0\",\"origin_volume\":\"100.0\"}","locale":"en"}
I, [2018-05-02T16:33:45.889564 #2805]  INFO -- : Received: {"member_id":1,"event":"account","data":"{\"balance\":\"9900.0\",\"locked\":\"100.0\",\"currency\":\"eth\"}","locale":"en"}
I, [2018-05-02T16:59:50.273776 #2805]  INFO -- : Received: {"member_id":2,"event":"order","data":"{\"id\":3,\"at\":1525251590,\"market\":\"ethbtc\",\"kind\":\"bid\",\"price\":\"0.0077\",\"state\":\"wait\",\"state_text\":\"WAIT\",\"volume\":\"100.0\",\"origin_volume\":\"100.0\"}","locale":"en"}
I, [2018-05-02T16:59:50.433104 #2805]  INFO -- : Received: {"member_id":2,"event":"account","data":"{\"balance\":\"9999.23\",\"locked\":\"0.77\",\"currency\":\"btc\"}","locale":"en"}
I, [2018-05-02T17:18:19.236420 #2805]  INFO -- : Received: {"member_id":1,"event":"order","data":"{\"id\":4,\"at\":1525252699,\"market\":\"ethbtc\",\"kind\":\"bid\",\"price\":\"0.0077\",\"state\":\"wait\",\"state_text\":\"WAIT\",\"volume\":\"100.0\",\"origin_volume\":\"100.0\"}","locale":"en"}
I, [2018-05-02T17:18:19.360558 #2805]  INFO -- : Received: {"member_id":1,"event":"account","data":"{\"balance\":\"9998.47\",\"locked\":\"1.53\",\"currency\":\"btc\"}","locale":"en"}
I, [2018-05-02T17:18:59.825144 #2805]  INFO -- : Received: {"member_id":1,"event":"order","data":"{\"id\":5,\"at\":1525252739,\"market\":\"ethbtc\",\"kind\":\"bid\",\"price\":\"0.0077\",\"state\":\"wait\",\"state_text\":\"WAIT\",\"volume\":\"100.0\",\"origin_volume\":\"100.0\"}","locale":"en"}
I, [2018-05-02T17:18:59.834634 #2805]  INFO -- : Received: {"member_id":1,"event":"account","data":"{\"balance\":\"9997.7\",\"locked\":\"2.3\",\"currency\":\"btc\"}","locale":"en"}
I, [2018-05-02T17:21:03.922186 #2805]  INFO -- : Received: {"member_id":1,"event":"order","data":"{\"id\":6,\"at\":1525252863,\"market\":\"ethbtc\",\"kind\":\"bid\",\"price\":\"0.0076\",\"state\":\"wait\",\"state_text\":\"WAIT\",\"volume\":\"100.0\",\"origin_volume\":\"100.0\"}","locale":"en"}
I, [2018-05-02T17:21:03.928767 #2805]  INFO -- : Received: {"member_id":1,"event":"account","data":"{\"balance\":\"9996.94\",\"locked\":\"3.06\",\"currency\":\"btc\"}","locale":"en"}
Terminating threads ..
Stopped.
peatio:amqp:pusher:1: process with pid 15843 started.
I, [2018-05-02T17:27:00.185639 #15843]  INFO -- : Connected to AMQP broker (prefetch: default)
I, [2018-05-02T17:27:34.470446 #15843]  INFO -- : Received: {"member_id":1,"event":"order","data":"{\"id\":7,\"at\":1525253254,\"market\":\"ethbtc\",\"kind\":\"ask\",\"price\":\"0.074\",\"state\":\"wait\",\"state_text\":\"WAIT\",\"volume\":\"100.0\",\"origin_volume\":\"100.0\"}","locale":"en"}
I, [2018-05-02T17:27:34.651919 #15843]  INFO -- : Received: {"member_id":1,"event":"account","data":"{\"balance\":\"9800.0\",\"locked\":\"200.0\",\"currency\":\"eth\"}","locale":"en"}
I, [2018-05-02T17:33:42.947114 #15843]  INFO -- : Received: {"member_id":1,"event":"order","data":"{\"id\":8,\"at\":1525253622,\"market\":\"ethbtc\",\"kind\":\"bid\",\"price\":\"0.074\",\"state\":\"wait\",\"state_text\":\"WAIT\",\"volume\":\"100.0\",\"origin_volume\":\"100.0\"}","locale":"en"}
I, [2018-05-02T17:33:42.995707 #15843]  INFO -- : Received: {"member_id":1,"event":"account","data":"{\"balance\":\"9989.54\",\"locked\":\"10.46\",\"currency\":\"btc\"}","locale":"en"}
I, [2018-05-02T17:33:43.596001 #15843]  INFO -- : Received: {"member_id":1,"event":"account","data":"{\"balance\":\"9989.54\",\"locked\":\"3.06\",\"currency\":\"btc\"}","locale":"en"}
I, [2018-05-02T17:33:43.600492 #15843]  INFO -- : Received: {"member_id":1,"event":"account","data":"{\"balance\":\"9900.0\",\"locked\":\"200.0\",\"currency\":\"eth\"}","locale":"en"}
I, [2018-05-02T17:33:43.605847 #15843]  INFO -- : Received: {"member_id":1,"event":"order","data":"{\"id\":8,\"at\":1525253622,\"market\":\"ethbtc\",\"kind\":\"bid\",\"price\":\"0.074\",\"state\":\"done\",\"state_text\":\"DONE\",\"volume\":\"0.0\",\"origin_volume\":\"100.0\"}","locale":"en"}
I, [2018-05-02T17:33:43.610335 #15843]  INFO -- : Received: {"member_id":1,"event":"order","data":"{\"id\":2,\"at\":1525250025,\"market\":\"ethbtc\",\"kind\":\"ask\",\"price\":\"0.074\",\"state\":\"done\",\"state_text\":\"DONE\",\"volume\":\"0.0\",\"origin_volume\":\"100.0\"}","locale":"en"}
I, [2018-05-02T17:33:43.768724 #15843]  INFO -- : Received: {"member_id":1,"event":"account","data":"{\"balance\":\"9900.0\",\"locked\":\"100.0\",\"currency\":\"eth\"}","locale":"en"}
I, [2018-05-02T17:33:43.772084 #15843]  INFO -- : Received: {"member_id":1,"event":"account","data":"{\"balance\":\"9996.94\",\"locked\":\"3.06\",\"currency\":\"btc\"}","locale":"en"}
I, [2018-05-02T17:33:43.775829 #15843]  INFO -- : Received: {"id":1,"price":"0.074","volume":"100.0","ask_id":2,"bid_id":8,"trend":"up","currency":"ethbtc","created_at":"2018-05-02T09:33:43.239Z","updated_at":"2018-05-02T09:33:43.239Z","ask_member_id":1,"bid_member_id":1,"funds":"7.4"}
I, [2018-05-02T17:34:26.800469 #15843]  INFO -- : Received: {"member_id":1,"event":"order","data":"{\"id\":9,\"at\":1525253666,\"market\":\"ethbtc\",\"kind\":\"ask\",\"price\":\"0.074\",\"state\":\"wait\",\"state_text\":\"WAIT\",\"volume\":\"100.0\",\"origin_volume\":\"100.0\"}","locale":"en"}
I, [2018-05-02T17:34:26.805566 #15843]  INFO -- : Received: {"member_id":1,"event":"account","data":"{\"balance\":\"9800.0\",\"locked\":\"200.0\",\"currency\":\"eth\"}","locale":"en"}
Terminating threads ..
Stopped.
peatio:amqp:pusher:1: process with pid 19263 started.
I, [2018-05-02T17:39:53.782711 #19263]  INFO -- : Connected to AMQP broker (prefetch: default)
I, [2018-05-02T17:40:45.832368 #19263]  INFO -- : Received: {"member_id":1,"event":"order","data":"{\"id\":10,\"at\":1525254045,\"market\":\"ethbtc\",\"kind\":\"bid\",\"price\":\"0.0078\",\"state\":\"wait\",\"state_text\":\"WAIT\",\"volume\":\"300.0\",\"origin_volume\":\"300.0\"}","locale":"en"}
I, [2018-05-02T17:40:46.005131 #19263]  INFO -- : Received: {"member_id":1,"event":"account","data":"{\"balance\":\"9994.6\",\"locked\":\"5.4\",\"currency\":\"btc\"}","locale":"en"}
I, [2018-05-02T17:42:12.321001 #19263]  INFO -- : Received: {"member_id":1,"event":"order","data":"{\"id\":11,\"at\":1525254132,\"market\":\"ethbtc\",\"kind\":\"ask\",\"price\":\"0.0076\",\"state\":\"wait\",\"state_text\":\"WAIT\",\"volume\":\"300.0\",\"origin_volume\":\"300.0\"}","locale":"en"}
I, [2018-05-02T17:42:12.324884 #19263]  INFO -- : Received: {"member_id":1,"event":"account","data":"{\"balance\":\"9500.0\",\"locked\":\"500.0\",\"currency\":\"eth\"}","locale":"en"}
I, [2018-05-02T17:42:12.760278 #19263]  INFO -- : Received: {"member_id":1,"event":"account","data":"{\"balance\":\"9994.6\",\"locked\":\"3.06\",\"currency\":\"btc\"}","locale":"en"}
I, [2018-05-02T17:42:12.765697 #19263]  INFO -- : Received: {"member_id":1,"event":"account","data":"{\"balance\":\"9800.0\",\"locked\":\"500.0\",\"currency\":\"eth\"}","locale":"en"}
I, [2018-05-02T17:42:12.768493 #19263]  INFO -- : Received: {"member_id":1,"event":"order","data":"{\"id\":10,\"at\":1525254045,\"market\":\"ethbtc\",\"kind\":\"bid\",\"price\":\"0.0078\",\"state\":\"done\",\"state_text\":\"DONE\",\"volume\":\"0.0\",\"origin_volume\":\"300.0\"}","locale":"en"}
I, [2018-05-02T17:42:12.771218 #19263]  INFO -- : Received: {"member_id":1,"event":"order","data":"{\"id\":11,\"at\":1525254132,\"market\":\"ethbtc\",\"kind\":\"ask\",\"price\":\"0.0076\",\"state\":\"done\",\"state_text\":\"DONE\",\"volume\":\"0.0\",\"origin_volume\":\"300.0\"}","locale":"en"}
I, [2018-05-02T17:42:12.800774 #19263]  INFO -- : Received: {"member_id":1,"event":"account","data":"{\"balance\":\"9800.0\",\"locked\":\"200.0\",\"currency\":\"eth\"}","locale":"en"}
I, [2018-05-02T17:42:12.806760 #19263]  INFO -- : Received: {"member_id":1,"event":"account","data":"{\"balance\":\"9996.94\",\"locked\":\"3.06\",\"currency\":\"btc\"}","locale":"en"}
I, [2018-05-02T17:42:12.855105 #19263]  INFO -- : Received: {"id":2,"price":"0.0078","volume":"300.0","ask_id":11,"bid_id":10,"trend":"down","currency":"ethbtc","created_at":"2018-05-02T09:42:12.533Z","updated_at":"2018-05-02T09:42:12.533Z","ask_member_id":1,"bid_member_id":1,"funds":"2.34"}
I, [2018-05-02T17:43:36.787493 #19263]  INFO -- : Received: {"member_id":1,"event":"order","data":"{\"id\":12,\"at\":1525254216,\"market\":\"ethbtc\",\"kind\":\"bid\",\"price\":\"0.0078\",\"state\":\"wait\",\"state_text\":\"WAIT\",\"volume\":\"1000.0\",\"origin_volume\":\"1000.0\"}","locale":"en"}
I, [2018-05-02T17:43:36.796397 #19263]  INFO -- : Received: {"member_id":1,"event":"account","data":"{\"balance\":\"9989.14\",\"locked\":\"10.86\",\"currency\":\"btc\"}","locale":"en"}
I, [2018-05-02T17:44:02.628147 #19263]  INFO -- : Received: {"member_id":1,"event":"order","data":"{\"id\":13,\"at\":1525254242,\"market\":\"ethbtc\",\"kind\":\"ask\",\"price\":\"0.0077\",\"state\":\"wait\",\"state_text\":\"WAIT\",\"volume\":\"100.0\",\"origin_volume\":\"100.0\"}","locale":"en"}
I, [2018-05-02T17:44:02.634484 #19263]  INFO -- : Received: {"member_id":1,"event":"account","data":"{\"balance\":\"9700.0\",\"locked\":\"300.0\",\"currency\":\"eth\"}","locale":"en"}
I, [2018-05-02T17:44:02.770527 #19263]  INFO -- : Received: {"member_id":1,"event":"account","data":"{\"balance\":\"9989.14\",\"locked\":\"10.08\",\"currency\":\"btc\"}","locale":"en"}
I, [2018-05-02T17:44:02.778431 #19263]  INFO -- : Received: {"member_id":1,"event":"account","data":"{\"balance\":\"9800.0\",\"locked\":\"300.0\",\"currency\":\"eth\"}","locale":"en"}
I, [2018-05-02T17:44:02.785218 #19263]  INFO -- : Received: {"member_id":1,"event":"order","data":"{\"id\":12,\"at\":1525254216,\"market\":\"ethbtc\",\"kind\":\"bid\",\"price\":\"0.0078\",\"state\":\"wait\",\"state_text\":\"WAIT\",\"volume\":\"900.0\",\"origin_volume\":\"1000.0\"}","locale":"en"}
I, [2018-05-02T17:44:02.790136 #19263]  INFO -- : Received: {"member_id":1,"event":"order","data":"{\"id\":13,\"at\":1525254242,\"market\":\"ethbtc\",\"kind\":\"ask\",\"price\":\"0.0077\",\"state\":\"done\",\"state_text\":\"DONE\",\"volume\":\"0.0\",\"origin_volume\":\"100.0\"}","locale":"en"}
I, [2018-05-02T17:44:02.800383 #19263]  INFO -- : Received: {"member_id":1,"event":"account","data":"{\"balance\":\"9800.0\",\"locked\":\"200.0\",\"currency\":\"eth\"}","locale":"en"}
I, [2018-05-02T17:44:02.813374 #19263]  INFO -- : Received: {"member_id":1,"event":"account","data":"{\"balance\":\"9989.92\",\"locked\":\"10.08\",\"currency\":\"btc\"}","locale":"en"}
I, [2018-05-02T17:44:02.818110 #19263]  INFO -- : Received: {"id":3,"price":"0.0078","volume":"100.0","ask_id":13,"bid_id":12,"trend":"up","currency":"ethbtc","created_at":"2018-05-02T09:44:02.673Z","updated_at":"2018-05-02T09:44:02.673Z","ask_member_id":1,"bid_member_id":1,"funds":"0.78"}
I, [2018-05-02T17:44:23.215050 #19263]  INFO -- : Received: {"member_id":1,"event":"order","data":"{\"id\":14,\"at\":1525254263,\"market\":\"ethbtc\",\"kind\":\"ask\",\"price\":\"0.0075\",\"state\":\"wait\",\"state_text\":\"WAIT\",\"volume\":\"1000.0\",\"origin_volume\":\"1000.0\"}","locale":"en"}
I, [2018-05-02T17:44:23.230398 #19263]  INFO -- : Received: {"member_id":1,"event":"account","data":"{\"balance\":\"8800.0\",\"locked\":\"1200.0\",\"currency\":\"eth\"}","locale":"en"}
I, [2018-05-02T17:44:23.370495 #19263]  INFO -- : Received: {"member_id":1,"event":"account","data":"{\"balance\":\"9989.92\",\"locked\":\"3.06\",\"currency\":\"btc\"}","locale":"en"}
I, [2018-05-02T17:44:23.383674 #19263]  INFO -- : Received: {"member_id":1,"event":"account","data":"{\"balance\":\"9700.0\",\"locked\":\"1200.0\",\"currency\":\"eth\"}","locale":"en"}
I, [2018-05-02T17:44:23.393736 #19263]  INFO -- : Received: {"member_id":1,"event":"order","data":"{\"id\":12,\"at\":1525254216,\"market\":\"ethbtc\",\"kind\":\"bid\",\"price\":\"0.0078\",\"state\":\"done\",\"state_text\":\"DONE\",\"volume\":\"0.0\",\"origin_volume\":\"1000.0\"}","locale":"en"}
I, [2018-05-02T17:44:23.399069 #19263]  INFO -- : Received: {"member_id":1,"event":"order","data":"{\"id\":14,\"at\":1525254263,\"market\":\"ethbtc\",\"kind\":\"ask\",\"price\":\"0.0075\",\"state\":\"wait\",\"state_text\":\"WAIT\",\"volume\":\"100.0\",\"origin_volume\":\"1000.0\"}","locale":"en"}
I, [2018-05-02T17:44:23.405290 #19263]  INFO -- : Received: {"member_id":1,"event":"account","data":"{\"balance\":\"9700.0\",\"locked\":\"300.0\",\"currency\":\"eth\"}","locale":"en"}
I, [2018-05-02T17:44:23.413625 #19263]  INFO -- : Received: {"member_id":1,"event":"account","data":"{\"balance\":\"9996.94\",\"locked\":\"3.06\",\"currency\":\"btc\"}","locale":"en"}
I, [2018-05-02T17:44:23.417745 #19263]  INFO -- : Received: {"id":4,"price":"0.0078","volume":"900.0","ask_id":14,"bid_id":12,"trend":"up","currency":"ethbtc","created_at":"2018-05-02T09:44:23.293Z","updated_at":"2018-05-02T09:44:23.293Z","ask_member_id":1,"bid_member_id":1,"funds":"7.02"}
I, [2018-05-02T17:44:23.476804 #19263]  INFO -- : Received: {"member_id":2,"event":"account","data":"{\"balance\":\"9999.23\",\"locked\":\"0.0\",\"currency\":\"btc\"}","locale":"en"}
I, [2018-05-02T17:44:23.560388 #19263]  INFO -- : Received: {"member_id":2,"event":"account","data":"{\"balance\":\"10100.0\",\"locked\":\"0.0\",\"currency\":\"eth\"}","locale":"en"}
I, [2018-05-02T17:44:23.564122 #19263]  INFO -- : Received: {"member_id":2,"event":"order","data":"{\"id\":3,\"at\":1525251590,\"market\":\"ethbtc\",\"kind\":\"bid\",\"price\":\"0.0077\",\"state\":\"done\",\"state_text\":\"DONE\",\"volume\":\"0.0\",\"origin_volume\":\"100.0\"}","locale":"en"}
I, [2018-05-02T17:44:23.568259 #19263]  INFO -- : Received: {"member_id":1,"event":"account","data":"{\"balance\":\"9700.0\",\"locked\":\"200.0\",\"currency\":\"eth\"}","locale":"en"}
I, [2018-05-02T17:44:23.572896 #19263]  INFO -- : Received: {"member_id":1,"event":"account","data":"{\"balance\":\"9997.71\",\"locked\":\"3.06\",\"currency\":\"btc\"}","locale":"en"}
I, [2018-05-02T17:44:23.577788 #19263]  INFO -- : Received: {"member_id":1,"event":"order","data":"{\"id\":14,\"at\":1525254263,\"market\":\"ethbtc\",\"kind\":\"ask\",\"price\":\"0.0075\",\"state\":\"done\",\"state_text\":\"DONE\",\"volume\":\"0.0\",\"origin_volume\":\"1000.0\"}","locale":"en"}
I, [2018-05-02T17:44:23.582133 #19263]  INFO -- : Received: {"id":5,"price":"0.0077","volume":"100.0","ask_id":14,"bid_id":3,"trend":"down","currency":"ethbtc","created_at":"2018-05-02T09:44:23.425Z","updated_at":"2018-05-02T09:44:23.425Z","ask_member_id":1,"bid_member_id":2,"funds":"0.77"}
I, [2018-05-02T17:44:51.015394 #19263]  INFO -- : Received: {"member_id":1,"event":"order","data":"{\"id\":15,\"at\":1525254290,\"market\":\"ethbtc\",\"kind\":\"ask\",\"price\":\"0.0079\",\"state\":\"wait\",\"state_text\":\"WAIT\",\"volume\":\"300.0\",\"origin_volume\":\"300.0\"}","locale":"en"}
I, [2018-05-02T17:44:51.023269 #19263]  INFO -- : Received: {"member_id":1,"event":"account","data":"{\"balance\":\"9400.0\",\"locked\":\"500.0\",\"currency\":\"eth\"}","locale":"en"}
I, [2018-05-02T17:45:56.336415 #19263]  INFO -- : Received: {"member_id":1,"event":"account","data":"{\"balance\":\"9500.0\",\"locked\":\"400.0\",\"currency\":\"eth\"}","locale":"en"}
I, [2018-05-02T17:45:56.340923 #19263]  INFO -- : Received: {"member_id":1,"event":"order","data":"{\"id\":9,\"at\":1525253666,\"market\":\"ethbtc\",\"kind\":\"ask\",\"price\":\"0.074\",\"state\":\"cancel\",\"state_text\":\"CANCEL\",\"volume\":\"100.0\",\"origin_volume\":\"100.0\"}","locale":"en"}
I, [2018-05-02T17:46:02.959224 #19263]  INFO -- : Received: {"member_id":1,"event":"account","data":"{\"balance\":\"9600.0\",\"locked\":\"300.0\",\"currency\":\"eth\"}","locale":"en"}
I, [2018-05-02T17:46:02.964081 #19263]  INFO -- : Received: {"member_id":1,"event":"order","data":"{\"id\":7,\"at\":1525253254,\"market\":\"ethbtc\",\"kind\":\"ask\",\"price\":\"0.074\",\"state\":\"cancel\",\"state_text\":\"CANCEL\",\"volume\":\"100.0\",\"origin_volume\":\"100.0\"}","locale":"en"}
I, [2018-05-02T17:46:20.232563 #19263]  INFO -- : Received: {"member_id":1,"event":"order","data":"{\"id\":16,\"at\":1525254380,\"market\":\"ethbtc\",\"kind\":\"ask\",\"price\":\"0.008\",\"state\":\"wait\",\"state_text\":\"WAIT\",\"volume\":\"1000.0\",\"origin_volume\":\"1000.0\"}","locale":"en"}
I, [2018-05-02T17:46:20.244163 #19263]  INFO -- : Received: {"member_id":1,"event":"account","data":"{\"balance\":\"8600.0\",\"locked\":\"1300.0\",\"currency\":\"eth\"}","locale":"en"}
I, [2018-05-02T17:46:32.770813 #19263]  INFO -- : Received: {"member_id":1,"event":"order","data":"{\"id\":17,\"at\":1525254392,\"market\":\"ethbtc\",\"kind\":\"ask\",\"price\":\"0.0081\",\"state\":\"wait\",\"state_text\":\"WAIT\",\"volume\":\"1000.0\",\"origin_volume\":\"1000.0\"}","locale":"en"}
I, [2018-05-02T17:46:32.778807 #19263]  INFO -- : Received: {"member_id":1,"event":"account","data":"{\"balance\":\"7600.0\",\"locked\":\"2300.0\",\"currency\":\"eth\"}","locale":"en"}
I, [2018-05-02T17:46:57.387000 #19263]  INFO -- : Received: {"member_id":1,"event":"order","data":"{\"id\":18,\"at\":1525254417,\"market\":\"ethbtc\",\"kind\":\"bid\",\"price\":\"0.0075\",\"state\":\"wait\",\"state_text\":\"WAIT\",\"volume\":\"1000.0\",\"origin_volume\":\"1000.0\"}","locale":"en"}
I, [2018-05-02T17:46:57.394228 #19263]  INFO -- : Received: {"member_id":1,"event":"account","data":"{\"balance\":\"9990.21\",\"locked\":\"10.56\",\"currency\":\"btc\"}","locale":"en"}
I, [2018-05-02T17:47:14.260471 #19263]  INFO -- : Received: {"member_id":1,"event":"order","data":"{\"id\":19,\"at\":1525254434,\"market\":\"ethbtc\",\"kind\":\"bid\",\"price\":\"0.0074\",\"state\":\"wait\",\"state_text\":\"WAIT\",\"volume\":\"1000.0\",\"origin_volume\":\"1000.0\"}","locale":"en"}
I, [2018-05-02T17:47:14.268494 #19263]  INFO -- : Received: {"member_id":1,"event":"account","data":"{\"balance\":\"9982.81\",\"locked\":\"17.96\",\"currency\":\"btc\"}","locale":"en"}
I, [2018-05-02T17:47:47.590498 #19263]  INFO -- : Received: {"member_id":1,"event":"order","data":"{\"id\":20,\"at\":1525254467,\"market\":\"ethbtc\",\"kind\":\"bid\",\"price\":\"0.0078\",\"state\":\"wait\",\"state_text\":\"WAIT\",\"volume\":\"200.0\",\"origin_volume\":\"200.0\"}","locale":"en"}
I, [2018-05-02T17:47:47.597074 #19263]  INFO -- : Received: {"member_id":1,"event":"account","data":"{\"balance\":\"9981.25\",\"locked\":\"19.52\",\"currency\":\"btc\"}","locale":"en"}
I, [2018-05-02T17:47:58.527358 #19263]  INFO -- : Received: {"member_id":1,"event":"order","data":"{\"id\":21,\"at\":1525254478,\"market\":\"ethbtc\",\"kind\":\"ask\",\"price\":\"0.0078\",\"state\":\"wait\",\"state_text\":\"WAIT\",\"volume\":\"1.0\",\"origin_volume\":\"1.0\"}","locale":"en"}
I, [2018-05-02T17:47:58.535150 #19263]  INFO -- : Received: {"member_id":1,"event":"account","data":"{\"balance\":\"7599.0\",\"locked\":\"2301.0\",\"currency\":\"eth\"}","locale":"en"}
I, [2018-05-02T17:47:58.619161 #19263]  INFO -- : Received: {"member_id":1,"event":"account","data":"{\"balance\":\"9981.25\",\"locked\":\"19.5122\",\"currency\":\"btc\"}","locale":"en"}
I, [2018-05-02T17:47:58.626108 #19263]  INFO -- : Received: {"member_id":1,"event":"account","data":"{\"balance\":\"7600.0\",\"locked\":\"2301.0\",\"currency\":\"eth\"}","locale":"en"}
I, [2018-05-02T17:47:58.633181 #19263]  INFO -- : Received: {"member_id":1,"event":"order","data":"{\"id\":20,\"at\":1525254467,\"market\":\"ethbtc\",\"kind\":\"bid\",\"price\":\"0.0078\",\"state\":\"wait\",\"state_text\":\"WAIT\",\"volume\":\"199.0\",\"origin_volume\":\"200.0\"}","locale":"en"}
I, [2018-05-02T17:47:58.637057 #19263]  INFO -- : Received: {"member_id":1,"event":"order","data":"{\"id\":21,\"at\":1525254478,\"market\":\"ethbtc\",\"kind\":\"ask\",\"price\":\"0.0078\",\"state\":\"done\",\"state_text\":\"DONE\",\"volume\":\"0.0\",\"origin_volume\":\"1.0\"}","locale":"en"}
I, [2018-05-02T17:47:58.642336 #19263]  INFO -- : Received: {"member_id":1,"event":"account","data":"{\"balance\":\"7600.0\",\"locked\":\"2300.0\",\"currency\":\"eth\"}","locale":"en"}
I, [2018-05-02T17:47:58.647523 #19263]  INFO -- : Received: {"member_id":1,"event":"account","data":"{\"balance\":\"9981.2578\",\"locked\":\"19.5122\",\"currency\":\"btc\"}","locale":"en"}
I, [2018-05-02T17:47:58.652138 #19263]  INFO -- : Received: {"id":6,"price":"0.0078","volume":"1.0","ask_id":21,"bid_id":20,"trend":"up","currency":"ethbtc","created_at":"2018-05-02T09:47:58.555Z","updated_at":"2018-05-02T09:47:58.555Z","ask_member_id":1,"bid_member_id":1,"funds":"0.0078"}
I, [2018-05-02T17:49:11.652193 #19263]  INFO -- : Received: {"member_id":1,"event":"order","data":"{\"id\":22,\"at\":1525254551,\"market\":\"ethbtc\",\"kind\":\"bid\",\"price\":\"0.5\",\"state\":\"wait\",\"state_text\":\"WAIT\",\"volume\":\"200.0\",\"origin_volume\":\"200.0\"}","locale":"en"}
I, [2018-05-02T17:49:11.657454 #19263]  INFO -- : Received: {"member_id":1,"event":"account","data":"{\"balance\":\"9881.2578\",\"locked\":\"119.5122\",\"currency\":\"btc\"}","locale":"en"}
I, [2018-05-02T17:49:11.751133 #19263]  INFO -- : Received: {"member_id":1,"event":"account","data":"{\"balance\":\"9881.2578\",\"locked\":\"117.9322\",\"currency\":\"btc\"}","locale":"en"}
I, [2018-05-02T17:49:11.756934 #19263]  INFO -- : Received: {"member_id":1,"event":"account","data":"{\"balance\":\"7800.0\",\"locked\":\"2300.0\",\"currency\":\"eth\"}","locale":"en"}
I, [2018-05-02T17:49:11.762021 #19263]  INFO -- : Received: {"member_id":1,"event":"order","data":"{\"id\":22,\"at\":1525254551,\"market\":\"ethbtc\",\"kind\":\"bid\",\"price\":\"0.5\",\"state\":\"done\",\"state_text\":\"DONE\",\"volume\":\"0.0\",\"origin_volume\":\"200.0\"}","locale":"en"}
I, [2018-05-02T17:49:11.769529 #19263]  INFO -- : Received: {"member_id":1,"event":"order","data":"{\"id\":15,\"at\":1525254290,\"market\":\"ethbtc\",\"kind\":\"ask\",\"price\":\"0.0079\",\"state\":\"wait\",\"state_text\":\"WAIT\",\"volume\":\"100.0\",\"origin_volume\":\"300.0\"}","locale":"en"}
I, [2018-05-02T17:49:11.775711 #19263]  INFO -- : Received: {"member_id":1,"event":"account","data":"{\"balance\":\"7800.0\",\"locked\":\"2100.0\",\"currency\":\"eth\"}","locale":"en"}
I, [2018-05-02T17:49:11.785948 #19263]  INFO -- : Received: {"member_id":1,"event":"account","data":"{\"balance\":\"9981.2578\",\"locked\":\"19.5122\",\"currency\":\"btc\"}","locale":"en"}
I, [2018-05-02T17:49:11.791737 #19263]  INFO -- : Received: {"id":7,"price":"0.0079","volume":"200.0","ask_id":15,"bid_id":22,"trend":"up","currency":"ethbtc","created_at":"2018-05-02T09:49:11.680Z","updated_at":"2018-05-02T09:49:11.680Z","ask_member_id":1,"bid_member_id":1,"funds":"1.58"}
I, [2018-05-02T17:49:32.882493 #19263]  INFO -- : Received: {"member_id":1,"event":"order","data":"{\"id\":23,\"at\":1525254572,\"market\":\"ethbtc\",\"kind\":\"bid\",\"price\":\"0.5\",\"state\":\"wait\",\"state_text\":\"WAIT\",\"volume\":\"3000.0\",\"origin_volume\":\"3000.0\"}","locale":"en"}
I, [2018-05-02T17:49:32.887995 #19263]  INFO -- : Received: {"member_id":1,"event":"account","data":"{\"balance\":\"8481.2578\",\"locked\":\"1519.5122\",\"currency\":\"btc\"}","locale":"en"}
I, [2018-05-02T17:49:32.971959 #19263]  INFO -- : Received: {"member_id":1,"event":"account","data":"{\"balance\":\"8481.2578\",\"locked\":\"1518.7222\",\"currency\":\"btc\"}","locale":"en"}
I, [2018-05-02T17:49:32.978915 #19263]  INFO -- : Received: {"member_id":1,"event":"account","data":"{\"balance\":\"7900.0\",\"locked\":\"2100.0\",\"currency\":\"eth\"}","locale":"en"}
I, [2018-05-02T17:49:32.985912 #19263]  INFO -- : Received: {"member_id":1,"event":"order","data":"{\"id\":23,\"at\":1525254572,\"market\":\"ethbtc\",\"kind\":\"bid\",\"price\":\"0.5\",\"state\":\"wait\",\"state_text\":\"WAIT\",\"volume\":\"2900.0\",\"origin_volume\":\"3000.0\"}","locale":"en"}
I, [2018-05-02T17:49:32.991246 #19263]  INFO -- : Received: {"member_id":1,"event":"order","data":"{\"id\":15,\"at\":1525254290,\"market\":\"ethbtc\",\"kind\":\"ask\",\"price\":\"0.0079\",\"state\":\"done\",\"state_text\":\"DONE\",\"volume\":\"0.0\",\"origin_volume\":\"300.0\"}","locale":"en"}
I, [2018-05-02T17:49:32.997392 #19263]  INFO -- : Received: {"member_id":1,"event":"account","data":"{\"balance\":\"7900.0\",\"locked\":\"2000.0\",\"currency\":\"eth\"}","locale":"en"}
I, [2018-05-02T17:49:33.006457 #19263]  INFO -- : Received: {"member_id":1,"event":"account","data":"{\"balance\":\"8482.0478\",\"locked\":\"1518.7222\",\"currency\":\"btc\"}","locale":"en"}
I, [2018-05-02T17:49:33.011199 #19263]  INFO -- : Received: {"id":8,"price":"0.0079","volume":"100.0","ask_id":15,"bid_id":23,"trend":"up","currency":"ethbtc","created_at":"2018-05-02T09:49:32.911Z","updated_at":"2018-05-02T09:49:32.911Z","ask_member_id":1,"bid_member_id":1,"funds":"0.79"}
I, [2018-05-02T17:49:33.091010 #19263]  INFO -- : Received: {"member_id":1,"event":"account","data":"{\"balance\":\"8482.0478\",\"locked\":\"1510.7222\",\"currency\":\"btc\"}","locale":"en"}
I, [2018-05-02T17:49:33.099934 #19263]  INFO -- : Received: {"member_id":1,"event":"account","data":"{\"balance\":\"8900.0\",\"locked\":\"2000.0\",\"currency\":\"eth\"}","locale":"en"}
I, [2018-05-02T17:49:33.103753 #19263]  INFO -- : Received: {"member_id":1,"event":"order","data":"{\"id\":23,\"at\":1525254572,\"market\":\"ethbtc\",\"kind\":\"bid\",\"price\":\"0.5\",\"state\":\"wait\",\"state_text\":\"WAIT\",\"volume\":\"1900.0\",\"origin_volume\":\"3000.0\"}","locale":"en"}
I, [2018-05-02T17:49:33.108835 #19263]  INFO -- : Received: {"member_id":1,"event":"order","data":"{\"id\":16,\"at\":1525254380,\"market\":\"ethbtc\",\"kind\":\"ask\",\"price\":\"0.008\",\"state\":\"done\",\"state_text\":\"DONE\",\"volume\":\"0.0\",\"origin_volume\":\"1000.0\"}","locale":"en"}
I, [2018-05-02T17:49:33.114027 #19263]  INFO -- : Received: {"member_id":1,"event":"account","data":"{\"balance\":\"8900.0\",\"locked\":\"1000.0\",\"currency\":\"eth\"}","locale":"en"}
I, [2018-05-02T17:49:33.122227 #19263]  INFO -- : Received: {"member_id":1,"event":"account","data":"{\"balance\":\"8490.0478\",\"locked\":\"1510.7222\",\"currency\":\"btc\"}","locale":"en"}
I, [2018-05-02T17:49:33.125814 #19263]  INFO -- : Received: {"id":9,"price":"0.008","volume":"1000.0","ask_id":16,"bid_id":23,"trend":"up","currency":"ethbtc","created_at":"2018-05-02T09:49:33.021Z","updated_at":"2018-05-02T09:49:33.021Z","ask_member_id":1,"bid_member_id":1,"funds":"8.0"}
I, [2018-05-02T17:49:33.181872 #19263]  INFO -- : Received: {"member_id":1,"event":"account","data":"{\"balance\":\"8490.0478\",\"locked\":\"1502.6222\",\"currency\":\"btc\"}","locale":"en"}
I, [2018-05-02T17:49:33.189660 #19263]  INFO -- : Received: {"member_id":1,"event":"account","data":"{\"balance\":\"9900.0\",\"locked\":\"1000.0\",\"currency\":\"eth\"}","locale":"en"}
I, [2018-05-02T17:49:33.193901 #19263]  INFO -- : Received: {"member_id":1,"event":"order","data":"{\"id\":23,\"at\":1525254572,\"market\":\"ethbtc\",\"kind\":\"bid\",\"price\":\"0.5\",\"state\":\"wait\",\"state_text\":\"WAIT\",\"volume\":\"900.0\",\"origin_volume\":\"3000.0\"}","locale":"en"}
I, [2018-05-02T17:49:33.199832 #19263]  INFO -- : Received: {"member_id":1,"event":"order","data":"{\"id\":17,\"at\":1525254392,\"market\":\"ethbtc\",\"kind\":\"ask\",\"price\":\"0.0081\",\"state\":\"done\",\"state_text\":\"DONE\",\"volume\":\"0.0\",\"origin_volume\":\"1000.0\"}","locale":"en"}
I, [2018-05-02T17:49:33.205831 #19263]  INFO -- : Received: {"member_id":1,"event":"account","data":"{\"balance\":\"9900.0\",\"locked\":\"0.0\",\"currency\":\"eth\"}","locale":"en"}
I, [2018-05-02T17:49:33.212117 #19263]  INFO -- : Received: {"member_id":1,"event":"account","data":"{\"balance\":\"8498.1478\",\"locked\":\"1502.6222\",\"currency\":\"btc\"}","locale":"en"}
I, [2018-05-02T17:49:33.216560 #19263]  INFO -- : Received: {"id":10,"price":"0.0081","volume":"1000.0","ask_id":17,"bid_id":23,"trend":"up","currency":"ethbtc","created_at":"2018-05-02T09:49:33.137Z","updated_at":"2018-05-02T09:49:33.137Z","ask_member_id":1,"bid_member_id":1,"funds":"8.1"}
I, [2018-05-02T17:49:57.617471 #19263]  INFO -- : Received: {"member_id":1,"event":"order","data":"{\"id\":24,\"at\":1525254597,\"market\":\"ethbtc\",\"kind\":\"ask\",\"price\":\"0.5\",\"state\":\"wait\",\"state_text\":\"WAIT\",\"volume\":\"900.0\",\"origin_volume\":\"900.0\"}","locale":"en"}
I, [2018-05-02T17:49:57.628418 #19263]  INFO -- : Received: {"member_id":1,"event":"account","data":"{\"balance\":\"9000.0\",\"locked\":\"900.0\",\"currency\":\"eth\"}","locale":"en"}
I, [2018-05-02T17:49:57.719583 #19263]  INFO -- : Received: {"member_id":1,"event":"account","data":"{\"balance\":\"8498.1478\",\"locked\":\"1052.6222\",\"currency\":\"btc\"}","locale":"en"}
I, [2018-05-02T17:49:57.725003 #19263]  INFO -- : Received: {"member_id":1,"event":"account","data":"{\"balance\":\"9900.0\",\"locked\":\"900.0\",\"currency\":\"eth\"}","locale":"en"}
I, [2018-05-02T17:49:57.728691 #19263]  INFO -- : Received: {"member_id":1,"event":"order","data":"{\"id\":23,\"at\":1525254572,\"market\":\"ethbtc\",\"kind\":\"bid\",\"price\":\"0.5\",\"state\":\"done\",\"state_text\":\"DONE\",\"volume\":\"0.0\",\"origin_volume\":\"3000.0\"}","locale":"en"}
I, [2018-05-02T17:49:57.734434 #19263]  INFO -- : Received: {"member_id":1,"event":"order","data":"{\"id\":24,\"at\":1525254597,\"market\":\"ethbtc\",\"kind\":\"ask\",\"price\":\"0.5\",\"state\":\"done\",\"state_text\":\"DONE\",\"volume\":\"0.0\",\"origin_volume\":\"900.0\"}","locale":"en"}
I, [2018-05-02T17:49:57.740950 #19263]  INFO -- : Received: {"member_id":1,"event":"account","data":"{\"balance\":\"9900.0\",\"locked\":\"0.0\",\"currency\":\"eth\"}","locale":"en"}
I, [2018-05-02T17:49:57.748534 #19263]  INFO -- : Received: {"member_id":1,"event":"account","data":"{\"balance\":\"9981.2578\",\"locked\":\"19.5122\",\"currency\":\"btc\"}","locale":"en"}
I, [2018-05-02T17:49:57.753562 #19263]  INFO -- : Received: {"id":11,"price":"0.5","volume":"900.0","ask_id":24,"bid_id":23,"trend":"up","currency":"ethbtc","created_at":"2018-05-02T09:49:57.642Z","updated_at":"2018-05-02T09:49:57.642Z","ask_member_id":1,"bid_member_id":1,"funds":"450.0"}
I, [2018-05-02T17:50:32.343350 #19263]  INFO -- : Received: {"member_id":1,"event":"order","data":"{\"id\":25,\"at\":1525254632,\"market\":\"ethbtc\",\"kind\":\"bid\",\"price\":\"0.41\",\"state\":\"wait\",\"state_text\":\"WAIT\",\"volume\":\"900.0\",\"origin_volume\":\"900.0\"}","locale":"en"}
I, [2018-05-02T17:50:32.358558 #19263]  INFO -- : Received: {"member_id":1,"event":"account","data":"{\"balance\":\"9612.2578\",\"locked\":\"388.5122\",\"currency\":\"btc\"}","locale":"en"}
I, [2018-05-02T17:50:40.714834 #19263]  INFO -- : Received: {"member_id":1,"event":"order","data":"{\"id\":26,\"at\":1525254640,\"market\":\"ethbtc\",\"kind\":\"ask\",\"price\":\"0.41\",\"state\":\"wait\",\"state_text\":\"WAIT\",\"volume\":\"900.0\",\"origin_volume\":\"900.0\"}","locale":"en"}
I, [2018-05-02T17:50:40.722571 #19263]  INFO -- : Received: {"member_id":1,"event":"account","data":"{\"balance\":\"9000.0\",\"locked\":\"900.0\",\"currency\":\"eth\"}","locale":"en"}
I, [2018-05-02T17:50:40.770553 #19263]  INFO -- : Received: {"member_id":1,"event":"account","data":"{\"balance\":\"9612.2578\",\"locked\":\"19.5122\",\"currency\":\"btc\"}","locale":"en"}
I, [2018-05-02T17:50:40.778280 #19263]  INFO -- : Received: {"member_id":1,"event":"account","data":"{\"balance\":\"9900.0\",\"locked\":\"900.0\",\"currency\":\"eth\"}","locale":"en"}
I, [2018-05-02T17:50:40.782625 #19263]  INFO -- : Received: {"member_id":1,"event":"order","data":"{\"id\":25,\"at\":1525254632,\"market\":\"ethbtc\",\"kind\":\"bid\",\"price\":\"0.41\",\"state\":\"done\",\"state_text\":\"DONE\",\"volume\":\"0.0\",\"origin_volume\":\"900.0\"}","locale":"en"}
I, [2018-05-02T17:50:40.788822 #19263]  INFO -- : Received: {"member_id":1,"event":"order","data":"{\"id\":26,\"at\":1525254640,\"market\":\"ethbtc\",\"kind\":\"ask\",\"price\":\"0.41\",\"state\":\"done\",\"state_text\":\"DONE\",\"volume\":\"0.0\",\"origin_volume\":\"900.0\"}","locale":"en"}
I, [2018-05-02T17:50:40.793698 #19263]  INFO -- : Received: {"member_id":1,"event":"account","data":"{\"balance\":\"9900.0\",\"locked\":\"0.0\",\"currency\":\"eth\"}","locale":"en"}
I, [2018-05-02T17:50:40.799706 #19263]  INFO -- : Received: {"member_id":1,"event":"account","data":"{\"balance\":\"9981.2578\",\"locked\":\"19.5122\",\"currency\":\"btc\"}","locale":"en"}
I, [2018-05-02T17:50:40.804326 #19263]  INFO -- : Received: {"id":12,"price":"0.41","volume":"900.0","ask_id":26,"bid_id":25,"trend":"down","currency":"ethbtc","created_at":"2018-05-02T09:50:40.730Z","updated_at":"2018-05-02T09:50:40.730Z","ask_member_id":1,"bid_member_id":1,"funds":"369.0"}
I, [2018-05-02T17:50:49.197599 #19263]  INFO -- : Received: {"member_id":1,"event":"order","data":"{\"id\":27,\"at\":1525254649,\"market\":\"ethbtc\",\"kind\":\"bid\",\"price\":\"0.43\",\"state\":\"wait\",\"state_text\":\"WAIT\",\"volume\":\"900.0\",\"origin_volume\":\"900.0\"}","locale":"en"}
I, [2018-05-02T17:50:49.204907 #19263]  INFO -- : Received: {"member_id":1,"event":"account","data":"{\"balance\":\"9594.2578\",\"locked\":\"406.5122\",\"currency\":\"btc\"}","locale":"en"}
I, [2018-05-02T17:50:55.304627 #19263]  INFO -- : Received: {"member_id":1,"event":"order","data":"{\"id\":28,\"at\":1525254655,\"market\":\"ethbtc\",\"kind\":\"ask\",\"price\":\"0.43\",\"state\":\"wait\",\"state_text\":\"WAIT\",\"volume\":\"900.0\",\"origin_volume\":\"900.0\"}","locale":"en"}
I, [2018-05-02T17:50:55.317187 #19263]  INFO -- : Received: {"member_id":1,"event":"account","data":"{\"balance\":\"9000.0\",\"locked\":\"900.0\",\"currency\":\"eth\"}","locale":"en"}
I, [2018-05-02T17:50:55.379593 #19263]  INFO -- : Received: {"member_id":1,"event":"account","data":"{\"balance\":\"9594.2578\",\"locked\":\"19.5122\",\"currency\":\"btc\"}","locale":"en"}
I, [2018-05-02T17:50:55.439814 #19263]  INFO -- : Received: {"member_id":1,"event":"account","data":"{\"balance\":\"9900.0\",\"locked\":\"900.0\",\"currency\":\"eth\"}","locale":"en"}
I, [2018-05-02T17:50:55.449785 #19263]  INFO -- : Received: {"member_id":1,"event":"order","data":"{\"id\":27,\"at\":1525254649,\"market\":\"ethbtc\",\"kind\":\"bid\",\"price\":\"0.43\",\"state\":\"done\",\"state_text\":\"DONE\",\"volume\":\"0.0\",\"origin_volume\":\"900.0\"}","locale":"en"}
I, [2018-05-02T17:50:55.470541 #19263]  INFO -- : Received: {"member_id":1,"event":"order","data":"{\"id\":28,\"at\":1525254655,\"market\":\"ethbtc\",\"kind\":\"ask\",\"price\":\"0.43\",\"state\":\"done\",\"state_text\":\"DONE\",\"volume\":\"0.0\",\"origin_volume\":\"900.0\"}","locale":"en"}
I, [2018-05-02T17:50:55.485156 #19263]  INFO -- : Received: {"member_id":1,"event":"account","data":"{\"balance\":\"9900.0\",\"locked\":\"0.0\",\"currency\":\"eth\"}","locale":"en"}
I, [2018-05-02T17:50:55.495927 #19263]  INFO -- : Received: {"member_id":1,"event":"account","data":"{\"balance\":\"9981.2578\",\"locked\":\"19.5122\",\"currency\":\"btc\"}","locale":"en"}
I, [2018-05-02T17:50:55.505298 #19263]  INFO -- : Received: {"id":13,"price":"0.43","volume":"900.0","ask_id":28,"bid_id":27,"trend":"up","currency":"ethbtc","created_at":"2018-05-02T09:50:55.327Z","updated_at":"2018-05-02T09:50:55.327Z","ask_member_id":1,"bid_member_id":1,"funds":"387.0"}
I, [2018-05-02T17:51:07.432983 #19263]  INFO -- : Received: {"member_id":1,"event":"order","data":"{\"id\":29,\"at\":1525254667,\"market\":\"ethbtc\",\"kind\":\"bid\",\"price\":\"0.39\",\"state\":\"wait\",\"state_text\":\"WAIT\",\"volume\":\"900.0\",\"origin_volume\":\"900.0\"}","locale":"en"}
I, [2018-05-02T17:51:07.442101 #19263]  INFO -- : Received: {"member_id":1,"event":"account","data":"{\"balance\":\"9630.2578\",\"locked\":\"370.5122\",\"currency\":\"btc\"}","locale":"en"}
I, [2018-05-02T17:51:13.457969 #19263]  INFO -- : Received: {"member_id":1,"event":"order","data":"{\"id\":30,\"at\":1525254673,\"market\":\"ethbtc\",\"kind\":\"ask\",\"price\":\"0.39\",\"state\":\"wait\",\"state_text\":\"WAIT\",\"volume\":\"900.0\",\"origin_volume\":\"900.0\"}","locale":"en"}
I, [2018-05-02T17:51:13.464939 #19263]  INFO -- : Received: {"member_id":1,"event":"account","data":"{\"balance\":\"9000.0\",\"locked\":\"900.0\",\"currency\":\"eth\"}","locale":"en"}
I, [2018-05-02T17:51:13.537191 #19263]  INFO -- : Received: {"member_id":1,"event":"account","data":"{\"balance\":\"9630.2578\",\"locked\":\"19.5122\",\"currency\":\"btc\"}","locale":"en"}
I, [2018-05-02T17:51:13.545394 #19263]  INFO -- : Received: {"member_id":1,"event":"account","data":"{\"balance\":\"9900.0\",\"locked\":\"900.0\",\"currency\":\"eth\"}","locale":"en"}
I, [2018-05-02T17:51:13.552419 #19263]  INFO -- : Received: {"member_id":1,"event":"order","data":"{\"id\":29,\"at\":1525254667,\"market\":\"ethbtc\",\"kind\":\"bid\",\"price\":\"0.39\",\"state\":\"done\",\"state_text\":\"DONE\",\"volume\":\"0.0\",\"origin_volume\":\"900.0\"}","locale":"en"}
I, [2018-05-02T17:51:13.557113 #19263]  INFO -- : Received: {"member_id":1,"event":"order","data":"{\"id\":30,\"at\":1525254673,\"market\":\"ethbtc\",\"kind\":\"ask\",\"price\":\"0.39\",\"state\":\"done\",\"state_text\":\"DONE\",\"volume\":\"0.0\",\"origin_volume\":\"900.0\"}","locale":"en"}
I, [2018-05-02T17:51:13.564360 #19263]  INFO -- : Received: {"member_id":1,"event":"account","data":"{\"balance\":\"9900.0\",\"locked\":\"0.0\",\"currency\":\"eth\"}","locale":"en"}
I, [2018-05-02T17:51:13.579832 #19263]  INFO -- : Received: {"member_id":1,"event":"account","data":"{\"balance\":\"9981.2578\",\"locked\":\"19.5122\",\"currency\":\"btc\"}","locale":"en"}
I, [2018-05-02T17:51:13.588240 #19263]  INFO -- : Received: {"id":14,"price":"0.39","volume":"900.0","ask_id":30,"bid_id":29,"trend":"down","currency":"ethbtc","created_at":"2018-05-02T09:51:13.479Z","updated_at":"2018-05-02T09:51:13.479Z","ask_member_id":1,"bid_member_id":1,"funds":"351.0"}
I, [2018-05-02T17:56:08.088203 #19263]  INFO -- : Received: {"member_id":4,"event":"account","data":"{\"balance\":\"0.0\",\"locked\":\"0.0\",\"currency\":\"cny\"}","locale":"en"}
I, [2018-05-02T17:56:08.177692 #19263]  INFO -- : Received: {"member_id":4,"event":"account","data":"{\"balance\":\"0.0\",\"locked\":\"0.0\",\"currency\":\"btc\"}","locale":"en"}
I, [2018-05-02T17:56:08.207705 #19263]  INFO -- : Received: {"member_id":4,"event":"account","data":"{\"balance\":\"0.0\",\"locked\":\"0.0\",\"currency\":\"eth\"}","locale":"en"}
I, [2018-05-03T12:54:55.410785 #19263]  INFO -- : Received: {"member_id":1,"event":"order","data":"{\"id\":31,\"at\":1525323295,\"market\":\"ethbtc\",\"kind\":\"ask\",\"price\":\"0.0078\",\"state\":\"wait\",\"state_text\":\"WAIT\",\"volume\":\"199.0\",\"origin_volume\":\"199.0\"}","locale":"en"}
I, [2018-05-03T12:54:55.713136 #19263]  INFO -- : Received: {"member_id":1,"event":"account","data":"{\"balance\":\"9701.0\",\"locked\":\"199.0\",\"currency\":\"eth\"}","locale":"en"}
I, [2018-05-03T12:54:55.965767 #19263]  INFO -- : Received: {"member_id":1,"event":"account","data":"{\"balance\":\"9981.2578\",\"locked\":\"17.96\",\"currency\":\"btc\"}","locale":"en"}
I, [2018-05-03T12:54:55.976919 #19263]  INFO -- : Received: {"member_id":1,"event":"account","data":"{\"balance\":\"9900.0\",\"locked\":\"199.0\",\"currency\":\"eth\"}","locale":"en"}
I, [2018-05-03T12:54:55.981903 #19263]  INFO -- : Received: {"member_id":1,"event":"order","data":"{\"id\":20,\"at\":1525254467,\"market\":\"ethbtc\",\"kind\":\"bid\",\"price\":\"0.0078\",\"state\":\"done\",\"state_text\":\"DONE\",\"volume\":\"0.0\",\"origin_volume\":\"200.0\"}","locale":"en"}
I, [2018-05-03T12:54:55.989211 #19263]  INFO -- : Received: {"member_id":1,"event":"order","data":"{\"id\":31,\"at\":1525323295,\"market\":\"ethbtc\",\"kind\":\"ask\",\"price\":\"0.0078\",\"state\":\"done\",\"state_text\":\"DONE\",\"volume\":\"0.0\",\"origin_volume\":\"199.0\"}","locale":"en"}
I, [2018-05-03T12:54:56.002874 #19263]  INFO -- : Received: {"member_id":1,"event":"account","data":"{\"balance\":\"9900.0\",\"locked\":\"0.0\",\"currency\":\"eth\"}","locale":"en"}
I, [2018-05-03T12:54:56.014457 #19263]  INFO -- : Received: {"member_id":1,"event":"account","data":"{\"balance\":\"9982.81\",\"locked\":\"17.96\",\"currency\":\"btc\"}","locale":"en"}
I, [2018-05-03T12:54:56.022706 #19263]  INFO -- : Received: {"id":15,"price":"0.0078","volume":"199.0","ask_id":31,"bid_id":20,"trend":"down","currency":"ethbtc","created_at":"2018-05-03T04:54:55.853Z","updated_at":"2018-05-03T04:54:55.853Z","ask_member_id":1,"bid_member_id":1,"funds":"1.5522"}
I, [2018-05-08T16:35:29.877744 #19263]  INFO -- : Received: {"member_id":1,"event":"order","data":"{\"id\":32,\"at\":1525768529,\"market\":\"ethbtc\",\"kind\":\"bid\",\"price\":\"0.0077\",\"state\":\"wait\",\"state_text\":\"WAIT\",\"volume\":\"200.0\",\"origin_volume\":\"200.0\"}","locale":"en"}
I, [2018-05-08T16:35:30.262836 #19263]  INFO -- : Received: {"member_id":1,"event":"account","data":"{\"balance\":\"9981.27\",\"locked\":\"19.5\",\"currency\":\"btc\"}","locale":"en"}
Terminating threads ..
Stopped.
