peatio:amqp:notification: process with pid 2763 started.
I, [2018-05-02T16:30:26.352373 #2763]  INFO -- : Connected to AMQP broker (prefetch: default)
Terminating threads ..
Stopped.
peatio:amqp:notification: process with pid 15802 started.
I, [2018-05-02T17:26:56.981159 #15802]  INFO -- : Connected to AMQP broker (prefetch: default)
Terminating threads ..
Stopped.
peatio:amqp:notification: process with pid 19225 started.
I, [2018-05-02T17:39:50.636547 #19225]  INFO -- : Connected to AMQP broker (prefetch: default)
I, [2018-05-02T17:56:08.244418 #19225]  INFO -- : Received: {"mailer_class":"TokenMailer","method":"activation","args":["chenenyong@mitaodj.com","19b0675507ebca85dfbf59f732b69b1c"],"locale":"en"}
I, [2018-05-02T18:14:10.008242 #19225]  INFO -- : Received: {"mailer_class":"TokenMailer","method":"activation","args":["admin@peatio.dev","9f46b5fe3a8e6e59901fb492b3db341f"],"locale":"en"}
I, [2018-05-02T18:27:20.364251 #19225]  INFO -- : Received: {"phone":"8613612345678","message":"Your phone number verification code is: 012377.","locale":"en"}
F, [2018-05-02T18:27:20.483169 #19225] FATAL -- : bad URI(is not URI?): https://api.twilio.com/2010-04-01/Accounts/{:ssl_verify_peer=>false}/Messages.json (URI::InvalidURIError)
/Users/yyong/.rbenv/versions/2.2.1/lib/ruby/2.2.0/uri/rfc3986_parser.rb:66:in `split'
/Users/yyong/.rbenv/versions/2.2.1/lib/ruby/2.2.0/uri/rfc3986_parser.rb:72:in `parse'
/Users/yyong/.rbenv/versions/2.2.1/lib/ruby/2.2.0/uri/common.rb:226:in `parse'
/Users/yyong/.rbenv/versions/2.2.1/lib/ruby/2.2.0/uri/common.rb:713:in `URI'
/Users/yyong/.rbenv/versions/2.2.1/lib/ruby/gems/2.2.0/gems/faraday-0.14.0/lib/faraday/utils.rb:275:in `call'
/Users/yyong/.rbenv/versions/2.2.1/lib/ruby/gems/2.2.0/gems/faraday-0.14.0/lib/faraday/utils.rb:275:in `URI'
/Users/yyong/.rbenv/versions/2.2.1/lib/ruby/gems/2.2.0/gems/faraday-0.14.0/lib/faraday/connection.rb:477:in `proxy_for_request'
/Users/yyong/.rbenv/versions/2.2.1/lib/ruby/gems/2.2.0/gems/faraday-0.14.0/lib/faraday/connection.rb:377:in `run_request'
/Users/yyong/.rbenv/versions/2.2.1/lib/ruby/gems/2.2.0/gems/faraday-0.14.0/lib/faraday/connection.rb:175:in `post'
/Users/yyong/.rbenv/versions/2.2.1/lib/ruby/gems/2.2.0/gems/twilio-ruby-5.7.2/lib/twilio-ruby/http/http_client.rb:36:in `_request'
/Users/yyong/.rbenv/versions/2.2.1/lib/ruby/gems/2.2.0/gems/twilio-ruby-5.7.2/lib/twilio-ruby/http/http_client.rb:54:in `request'
/Users/yyong/.rbenv/versions/2.2.1/lib/ruby/gems/2.2.0/gems/twilio-ruby-5.7.2/lib/twilio-ruby/rest/client.rb:72:in `request'
/Users/yyong/.rbenv/versions/2.2.1/lib/ruby/gems/2.2.0/gems/twilio-ruby-5.7.2/lib/twilio-ruby/framework/domain.rb:20:in `request'
/Users/yyong/.rbenv/versions/2.2.1/lib/ruby/gems/2.2.0/gems/twilio-ruby-5.7.2/lib/twilio-ruby/framework/version.rb:51:in `request'
/Users/yyong/.rbenv/versions/2.2.1/lib/ruby/gems/2.2.0/gems/twilio-ruby-5.7.2/lib/twilio-ruby/framework/version.rb:154:in `create'
/Users/yyong/.rbenv/versions/2.2.1/lib/ruby/gems/2.2.0/gems/twilio-ruby-5.7.2/lib/twilio-ruby/rest/api/v2010/account/message.rb:71:in `create'
/Users/yyong/rbdev/peatio/app/models/worker/sms_notification.rb:9:in `process'
/Users/yyong/rbdev/peatio/lib/daemons/amqp_daemon.rb:61:in `block (2 levels) in <top (required)>'
/Users/yyong/.rbenv/versions/2.2.1/lib/ruby/gems/2.2.0/gems/bunny-1.2.1/lib/bunny/consumer.rb:56:in `call'
/Users/yyong/.rbenv/versions/2.2.1/lib/ruby/gems/2.2.0/gems/bunny-1.2.1/lib/bunny/consumer.rb:56:in `call'
/Users/yyong/.rbenv/versions/2.2.1/lib/ruby/gems/2.2.0/gems/bunny-1.2.1/lib/bunny/channel.rb:1672:in `block in handle_frameset'
/Users/yyong/.rbenv/versions/2.2.1/lib/ruby/gems/2.2.0/gems/bunny-1.2.1/lib/bunny/consumer_work_pool.rb:84:in `call'
/Users/yyong/.rbenv/versions/2.2.1/lib/ruby/gems/2.2.0/gems/bunny-1.2.1/lib/bunny/consumer_work_pool.rb:84:in `block (2 levels) in run_loop'
/Users/yyong/.rbenv/versions/2.2.1/lib/ruby/gems/2.2.0/gems/bunny-1.2.1/lib/bunny/consumer_work_pool.rb:80:in `loop'
/Users/yyong/.rbenv/versions/2.2.1/lib/ruby/gems/2.2.0/gems/bunny-1.2.1/lib/bunny/consumer_work_pool.rb:80:in `block in run_loop'
/Users/yyong/.rbenv/versions/2.2.1/lib/ruby/gems/2.2.0/gems/bunny-1.2.1/lib/bunny/consumer_work_pool.rb:79:in `catch'
/Users/yyong/.rbenv/versions/2.2.1/lib/ruby/gems/2.2.0/gems/bunny-1.2.1/lib/bunny/consumer_work_pool.rb:79:in `run_loop'
F, [2018-05-02T18:27:20.483898 #19225] FATAL -- : /Users/yyong/.rbenv/versions/2.2.1/lib/ruby/2.2.0/uri/rfc3986_parser.rb:66:in `split'
/Users/yyong/.rbenv/versions/2.2.1/lib/ruby/2.2.0/uri/rfc3986_parser.rb:72:in `parse'
/Users/yyong/.rbenv/versions/2.2.1/lib/ruby/2.2.0/uri/common.rb:226:in `parse'
/Users/yyong/.rbenv/versions/2.2.1/lib/ruby/2.2.0/uri/common.rb:713:in `URI'
/Users/yyong/.rbenv/versions/2.2.1/lib/ruby/gems/2.2.0/gems/faraday-0.14.0/lib/faraday/utils.rb:275:in `call'
/Users/yyong/.rbenv/versions/2.2.1/lib/ruby/gems/2.2.0/gems/faraday-0.14.0/lib/faraday/utils.rb:275:in `URI'
/Users/yyong/.rbenv/versions/2.2.1/lib/ruby/gems/2.2.0/gems/faraday-0.14.0/lib/faraday/connection.rb:477:in `proxy_for_request'
/Users/yyong/.rbenv/versions/2.2.1/lib/ruby/gems/2.2.0/gems/faraday-0.14.0/lib/faraday/connection.rb:377:in `run_request'
/Users/yyong/.rbenv/versions/2.2.1/lib/ruby/gems/2.2.0/gems/faraday-0.14.0/lib/faraday/connection.rb:175:in `post'
/Users/yyong/.rbenv/versions/2.2.1/lib/ruby/gems/2.2.0/gems/twilio-ruby-5.7.2/lib/twilio-ruby/http/http_client.rb:36:in `_request'
/Users/yyong/.rbenv/versions/2.2.1/lib/ruby/gems/2.2.0/gems/twilio-ruby-5.7.2/lib/twilio-ruby/http/http_client.rb:54:in `request'
/Users/yyong/.rbenv/versions/2.2.1/lib/ruby/gems/2.2.0/gems/twilio-ruby-5.7.2/lib/twilio-ruby/rest/client.rb:72:in `request'
/Users/yyong/.rbenv/versions/2.2.1/lib/ruby/gems/2.2.0/gems/twilio-ruby-5.7.2/lib/twilio-ruby/framework/domain.rb:20:in `request'
/Users/yyong/.rbenv/versions/2.2.1/lib/ruby/gems/2.2.0/gems/twilio-ruby-5.7.2/lib/twilio-ruby/framework/version.rb:51:in `request'
/Users/yyong/.rbenv/versions/2.2.1/lib/ruby/gems/2.2.0/gems/twilio-ruby-5.7.2/lib/twilio-ruby/framework/version.rb:154:in `create'
/Users/yyong/.rbenv/versions/2.2.1/lib/ruby/gems/2.2.0/gems/twilio-ruby-5.7.2/lib/twilio-ruby/rest/api/v2010/account/message.rb:71:in `create'
/Users/yyong/rbdev/peatio/app/models/worker/sms_notification.rb:9:in `process'
/Users/yyong/rbdev/peatio/lib/daemons/amqp_daemon.rb:61:in `block (2 levels) in <top (required)>'
/Users/yyong/.rbenv/versions/2.2.1/lib/ruby/gems/2.2.0/gems/bunny-1.2.1/lib/bunny/consumer.rb:56:in `call'
/Users/yyong/.rbenv/versions/2.2.1/lib/ruby/gems/2.2.0/gems/bunny-1.2.1/lib/bunny/consumer.rb:56:in `call'
/Users/yyong/.rbenv/versions/2.2.1/lib/ruby/gems/2.2.0/gems/bunny-1.2.1/lib/bunny/channel.rb:1672:in `block in handle_frameset'
/Users/yyong/.rbenv/versions/2.2.1/lib/ruby/gems/2.2.0/gems/bunny-1.2.1/lib/bunny/consumer_work_pool.rb:84:in `call'
/Users/yyong/.rbenv/versions/2.2.1/lib/ruby/gems/2.2.0/gems/bunny-1.2.1/lib/bunny/consumer_work_pool.rb:84:in `block (2 levels) in run_loop'
/Users/yyong/.rbenv/versions/2.2.1/lib/ruby/gems/2.2.0/gems/bunny-1.2.1/lib/bunny/consumer_work_pool.rb:80:in `loop'
/Users/yyong/.rbenv/versions/2.2.1/lib/ruby/gems/2.2.0/gems/bunny-1.2.1/lib/bunny/consumer_work_pool.rb:80:in `block in run_loop'
/Users/yyong/.rbenv/versions/2.2.1/lib/ruby/gems/2.2.0/gems/bunny-1.2.1/lib/bunny/consumer_work_pool.rb:79:in `catch'
/Users/yyong/.rbenv/versions/2.2.1/lib/ruby/gems/2.2.0/gems/bunny-1.2.1/lib/bunny/consumer_work_pool.rb:79:in `run_loop'
I, [2018-05-02T18:28:29.556273 #19225]  INFO -- : Received: {"phone":"8613612345678","message":"Your phone number verification code is: 012377.","locale":"en"}
F, [2018-05-02T18:28:29.571478 #19225] FATAL -- : bad URI(is not URI?): https://api.twilio.com/2010-04-01/Accounts/{:ssl_verify_peer=>false}/Messages.json (URI::InvalidURIError)
/Users/yyong/.rbenv/versions/2.2.1/lib/ruby/2.2.0/uri/rfc3986_parser.rb:66:in `split'
/Users/yyong/.rbenv/versions/2.2.1/lib/ruby/2.2.0/uri/rfc3986_parser.rb:72:in `parse'
/Users/yyong/.rbenv/versions/2.2.1/lib/ruby/2.2.0/uri/common.rb:226:in `parse'
/Users/yyong/.rbenv/versions/2.2.1/lib/ruby/2.2.0/uri/common.rb:713:in `URI'
/Users/yyong/.rbenv/versions/2.2.1/lib/ruby/gems/2.2.0/gems/faraday-0.14.0/lib/faraday/utils.rb:275:in `call'
/Users/yyong/.rbenv/versions/2.2.1/lib/ruby/gems/2.2.0/gems/faraday-0.14.0/lib/faraday/utils.rb:275:in `URI'
/Users/yyong/.rbenv/versions/2.2.1/lib/ruby/gems/2.2.0/gems/faraday-0.14.0/lib/faraday/connection.rb:477:in `proxy_for_request'
/Users/yyong/.rbenv/versions/2.2.1/lib/ruby/gems/2.2.0/gems/faraday-0.14.0/lib/faraday/connection.rb:377:in `run_request'
/Users/yyong/.rbenv/versions/2.2.1/lib/ruby/gems/2.2.0/gems/faraday-0.14.0/lib/faraday/connection.rb:175:in `post'
/Users/yyong/.rbenv/versions/2.2.1/lib/ruby/gems/2.2.0/gems/twilio-ruby-5.7.2/lib/twilio-ruby/http/http_client.rb:36:in `_request'
/Users/yyong/.rbenv/versions/2.2.1/lib/ruby/gems/2.2.0/gems/twilio-ruby-5.7.2/lib/twilio-ruby/http/http_client.rb:54:in `request'
/Users/yyong/.rbenv/versions/2.2.1/lib/ruby/gems/2.2.0/gems/twilio-ruby-5.7.2/lib/twilio-ruby/rest/client.rb:72:in `request'
/Users/yyong/.rbenv/versions/2.2.1/lib/ruby/gems/2.2.0/gems/twilio-ruby-5.7.2/lib/twilio-ruby/framework/domain.rb:20:in `request'
/Users/yyong/.rbenv/versions/2.2.1/lib/ruby/gems/2.2.0/gems/twilio-ruby-5.7.2/lib/twilio-ruby/framework/version.rb:51:in `request'
/Users/yyong/.rbenv/versions/2.2.1/lib/ruby/gems/2.2.0/gems/twilio-ruby-5.7.2/lib/twilio-ruby/framework/version.rb:154:in `create'
/Users/yyong/.rbenv/versions/2.2.1/lib/ruby/gems/2.2.0/gems/twilio-ruby-5.7.2/lib/twilio-ruby/rest/api/v2010/account/message.rb:71:in `create'
/Users/yyong/rbdev/peatio/app/models/worker/sms_notification.rb:9:in `process'
/Users/yyong/rbdev/peatio/lib/daemons/amqp_daemon.rb:61:in `block (2 levels) in <top (required)>'
/Users/yyong/.rbenv/versions/2.2.1/lib/ruby/gems/2.2.0/gems/bunny-1.2.1/lib/bunny/consumer.rb:56:in `call'
/Users/yyong/.rbenv/versions/2.2.1/lib/ruby/gems/2.2.0/gems/bunny-1.2.1/lib/bunny/consumer.rb:56:in `call'
/Users/yyong/.rbenv/versions/2.2.1/lib/ruby/gems/2.2.0/gems/bunny-1.2.1/lib/bunny/channel.rb:1672:in `block in handle_frameset'
/Users/yyong/.rbenv/versions/2.2.1/lib/ruby/gems/2.2.0/gems/bunny-1.2.1/lib/bunny/consumer_work_pool.rb:84:in `call'
/Users/yyong/.rbenv/versions/2.2.1/lib/ruby/gems/2.2.0/gems/bunny-1.2.1/lib/bunny/consumer_work_pool.rb:84:in `block (2 levels) in run_loop'
/Users/yyong/.rbenv/versions/2.2.1/lib/ruby/gems/2.2.0/gems/bunny-1.2.1/lib/bunny/consumer_work_pool.rb:80:in `loop'
/Users/yyong/.rbenv/versions/2.2.1/lib/ruby/gems/2.2.0/gems/bunny-1.2.1/lib/bunny/consumer_work_pool.rb:80:in `block in run_loop'
/Users/yyong/.rbenv/versions/2.2.1/lib/ruby/gems/2.2.0/gems/bunny-1.2.1/lib/bunny/consumer_work_pool.rb:79:in `catch'
/Users/yyong/.rbenv/versions/2.2.1/lib/ruby/gems/2.2.0/gems/bunny-1.2.1/lib/bunny/consumer_work_pool.rb:79:in `run_loop'
F, [2018-05-02T18:28:29.571883 #19225] FATAL -- : /Users/yyong/.rbenv/versions/2.2.1/lib/ruby/2.2.0/uri/rfc3986_parser.rb:66:in `split'
/Users/yyong/.rbenv/versions/2.2.1/lib/ruby/2.2.0/uri/rfc3986_parser.rb:72:in `parse'
/Users/yyong/.rbenv/versions/2.2.1/lib/ruby/2.2.0/uri/common.rb:226:in `parse'
/Users/yyong/.rbenv/versions/2.2.1/lib/ruby/2.2.0/uri/common.rb:713:in `URI'
/Users/yyong/.rbenv/versions/2.2.1/lib/ruby/gems/2.2.0/gems/faraday-0.14.0/lib/faraday/utils.rb:275:in `call'
/Users/yyong/.rbenv/versions/2.2.1/lib/ruby/gems/2.2.0/gems/faraday-0.14.0/lib/faraday/utils.rb:275:in `URI'
/Users/yyong/.rbenv/versions/2.2.1/lib/ruby/gems/2.2.0/gems/faraday-0.14.0/lib/faraday/connection.rb:477:in `proxy_for_request'
/Users/yyong/.rbenv/versions/2.2.1/lib/ruby/gems/2.2.0/gems/faraday-0.14.0/lib/faraday/connection.rb:377:in `run_request'
/Users/yyong/.rbenv/versions/2.2.1/lib/ruby/gems/2.2.0/gems/faraday-0.14.0/lib/faraday/connection.rb:175:in `post'
/Users/yyong/.rbenv/versions/2.2.1/lib/ruby/gems/2.2.0/gems/twilio-ruby-5.7.2/lib/twilio-ruby/http/http_client.rb:36:in `_request'
/Users/yyong/.rbenv/versions/2.2.1/lib/ruby/gems/2.2.0/gems/twilio-ruby-5.7.2/lib/twilio-ruby/http/http_client.rb:54:in `request'
/Users/yyong/.rbenv/versions/2.2.1/lib/ruby/gems/2.2.0/gems/twilio-ruby-5.7.2/lib/twilio-ruby/rest/client.rb:72:in `request'
/Users/yyong/.rbenv/versions/2.2.1/lib/ruby/gems/2.2.0/gems/twilio-ruby-5.7.2/lib/twilio-ruby/framework/domain.rb:20:in `request'
/Users/yyong/.rbenv/versions/2.2.1/lib/ruby/gems/2.2.0/gems/twilio-ruby-5.7.2/lib/twilio-ruby/framework/version.rb:51:in `request'
/Users/yyong/.rbenv/versions/2.2.1/lib/ruby/gems/2.2.0/gems/twilio-ruby-5.7.2/lib/twilio-ruby/framework/version.rb:154:in `create'
/Users/yyong/.rbenv/versions/2.2.1/lib/ruby/gems/2.2.0/gems/twilio-ruby-5.7.2/lib/twilio-ruby/rest/api/v2010/account/message.rb:71:in `create'
/Users/yyong/rbdev/peatio/app/models/worker/sms_notification.rb:9:in `process'
/Users/yyong/rbdev/peatio/lib/daemons/amqp_daemon.rb:61:in `block (2 levels) in <top (required)>'
/Users/yyong/.rbenv/versions/2.2.1/lib/ruby/gems/2.2.0/gems/bunny-1.2.1/lib/bunny/consumer.rb:56:in `call'
/Users/yyong/.rbenv/versions/2.2.1/lib/ruby/gems/2.2.0/gems/bunny-1.2.1/lib/bunny/consumer.rb:56:in `call'
/Users/yyong/.rbenv/versions/2.2.1/lib/ruby/gems/2.2.0/gems/bunny-1.2.1/lib/bunny/channel.rb:1672:in `block in handle_frameset'
/Users/yyong/.rbenv/versions/2.2.1/lib/ruby/gems/2.2.0/gems/bunny-1.2.1/lib/bunny/consumer_work_pool.rb:84:in `call'
/Users/yyong/.rbenv/versions/2.2.1/lib/ruby/gems/2.2.0/gems/bunny-1.2.1/lib/bunny/consumer_work_pool.rb:84:in `block (2 levels) in run_loop'
/Users/yyong/.rbenv/versions/2.2.1/lib/ruby/gems/2.2.0/gems/bunny-1.2.1/lib/bunny/consumer_work_pool.rb:80:in `loop'
/Users/yyong/.rbenv/versions/2.2.1/lib/ruby/gems/2.2.0/gems/bunny-1.2.1/lib/bunny/consumer_work_pool.rb:80:in `block in run_loop'
/Users/yyong/.rbenv/versions/2.2.1/lib/ruby/gems/2.2.0/gems/bunny-1.2.1/lib/bunny/consumer_work_pool.rb:79:in `catch'
/Users/yyong/.rbenv/versions/2.2.1/lib/ruby/gems/2.2.0/gems/bunny-1.2.1/lib/bunny/consumer_work_pool.rb:79:in `run_loop'
I, [2018-05-02T18:29:19.163240 #19225]  INFO -- : Received: {"mailer_class":"MemberMailer","method":"sms_auth_activated","args":[1],"locale":"en"}
I, [2018-05-03T12:24:42.853647 #19225]  INFO -- : Received: {"mailer_class":"MemberMailer","method":"notify_signin","args":[1],"locale":"en"}
I, [2018-05-03T12:25:19.183967 #19225]  INFO -- : Received: {"mailer_class":"MemberMailer","method":"notify_signin","args":[1],"locale":"en"}
I, [2018-05-03T13:03:25.700141 #19225]  INFO -- : Received: {"phone":"8613612345678","message":"Your phone number verification code is: 252162.","locale":"en"}
F, [2018-05-03T13:03:25.743699 #19225] FATAL -- : bad URI(is not URI?): https://api.twilio.com/2010-04-01/Accounts/{:ssl_verify_peer=>false}/Messages.json (URI::InvalidURIError)
/Users/yyong/.rbenv/versions/2.2.1/lib/ruby/2.2.0/uri/rfc3986_parser.rb:66:in `split'
/Users/yyong/.rbenv/versions/2.2.1/lib/ruby/2.2.0/uri/rfc3986_parser.rb:72:in `parse'
/Users/yyong/.rbenv/versions/2.2.1/lib/ruby/2.2.0/uri/common.rb:226:in `parse'
/Users/yyong/.rbenv/versions/2.2.1/lib/ruby/2.2.0/uri/common.rb:713:in `URI'
/Users/yyong/.rbenv/versions/2.2.1/lib/ruby/gems/2.2.0/gems/faraday-0.14.0/lib/faraday/utils.rb:275:in `call'
/Users/yyong/.rbenv/versions/2.2.1/lib/ruby/gems/2.2.0/gems/faraday-0.14.0/lib/faraday/utils.rb:275:in `URI'
/Users/yyong/.rbenv/versions/2.2.1/lib/ruby/gems/2.2.0/gems/faraday-0.14.0/lib/faraday/connection.rb:477:in `proxy_for_request'
/Users/yyong/.rbenv/versions/2.2.1/lib/ruby/gems/2.2.0/gems/faraday-0.14.0/lib/faraday/connection.rb:377:in `run_request'
/Users/yyong/.rbenv/versions/2.2.1/lib/ruby/gems/2.2.0/gems/faraday-0.14.0/lib/faraday/connection.rb:175:in `post'
/Users/yyong/.rbenv/versions/2.2.1/lib/ruby/gems/2.2.0/gems/twilio-ruby-5.7.2/lib/twilio-ruby/http/http_client.rb:36:in `_request'
/Users/yyong/.rbenv/versions/2.2.1/lib/ruby/gems/2.2.0/gems/twilio-ruby-5.7.2/lib/twilio-ruby/http/http_client.rb:54:in `request'
/Users/yyong/.rbenv/versions/2.2.1/lib/ruby/gems/2.2.0/gems/twilio-ruby-5.7.2/lib/twilio-ruby/rest/client.rb:72:in `request'
/Users/yyong/.rbenv/versions/2.2.1/lib/ruby/gems/2.2.0/gems/twilio-ruby-5.7.2/lib/twilio-ruby/framework/domain.rb:20:in `request'
/Users/yyong/.rbenv/versions/2.2.1/lib/ruby/gems/2.2.0/gems/twilio-ruby-5.7.2/lib/twilio-ruby/framework/version.rb:51:in `request'
/Users/yyong/.rbenv/versions/2.2.1/lib/ruby/gems/2.2.0/gems/twilio-ruby-5.7.2/lib/twilio-ruby/framework/version.rb:154:in `create'
/Users/yyong/.rbenv/versions/2.2.1/lib/ruby/gems/2.2.0/gems/twilio-ruby-5.7.2/lib/twilio-ruby/rest/api/v2010/account/message.rb:71:in `create'
/Users/yyong/rbdev/peatio/app/models/worker/sms_notification.rb:9:in `process'
/Users/yyong/rbdev/peatio/lib/daemons/amqp_daemon.rb:61:in `block (2 levels) in <top (required)>'
/Users/yyong/.rbenv/versions/2.2.1/lib/ruby/gems/2.2.0/gems/bunny-1.2.1/lib/bunny/consumer.rb:56:in `call'
/Users/yyong/.rbenv/versions/2.2.1/lib/ruby/gems/2.2.0/gems/bunny-1.2.1/lib/bunny/consumer.rb:56:in `call'
/Users/yyong/.rbenv/versions/2.2.1/lib/ruby/gems/2.2.0/gems/bunny-1.2.1/lib/bunny/channel.rb:1672:in `block in handle_frameset'
/Users/yyong/.rbenv/versions/2.2.1/lib/ruby/gems/2.2.0/gems/bunny-1.2.1/lib/bunny/consumer_work_pool.rb:84:in `call'
/Users/yyong/.rbenv/versions/2.2.1/lib/ruby/gems/2.2.0/gems/bunny-1.2.1/lib/bunny/consumer_work_pool.rb:84:in `block (2 levels) in run_loop'
/Users/yyong/.rbenv/versions/2.2.1/lib/ruby/gems/2.2.0/gems/bunny-1.2.1/lib/bunny/consumer_work_pool.rb:80:in `loop'
/Users/yyong/.rbenv/versions/2.2.1/lib/ruby/gems/2.2.0/gems/bunny-1.2.1/lib/bunny/consumer_work_pool.rb:80:in `block in run_loop'
/Users/yyong/.rbenv/versions/2.2.1/lib/ruby/gems/2.2.0/gems/bunny-1.2.1/lib/bunny/consumer_work_pool.rb:79:in `catch'
/Users/yyong/.rbenv/versions/2.2.1/lib/ruby/gems/2.2.0/gems/bunny-1.2.1/lib/bunny/consumer_work_pool.rb:79:in `run_loop'
F, [2018-05-03T13:03:25.744146 #19225] FATAL -- : /Users/yyong/.rbenv/versions/2.2.1/lib/ruby/2.2.0/uri/rfc3986_parser.rb:66:in `split'
/Users/yyong/.rbenv/versions/2.2.1/lib/ruby/2.2.0/uri/rfc3986_parser.rb:72:in `parse'
/Users/yyong/.rbenv/versions/2.2.1/lib/ruby/2.2.0/uri/common.rb:226:in `parse'
/Users/yyong/.rbenv/versions/2.2.1/lib/ruby/2.2.0/uri/common.rb:713:in `URI'
/Users/yyong/.rbenv/versions/2.2.1/lib/ruby/gems/2.2.0/gems/faraday-0.14.0/lib/faraday/utils.rb:275:in `call'
/Users/yyong/.rbenv/versions/2.2.1/lib/ruby/gems/2.2.0/gems/faraday-0.14.0/lib/faraday/utils.rb:275:in `URI'
/Users/yyong/.rbenv/versions/2.2.1/lib/ruby/gems/2.2.0/gems/faraday-0.14.0/lib/faraday/connection.rb:477:in `proxy_for_request'
/Users/yyong/.rbenv/versions/2.2.1/lib/ruby/gems/2.2.0/gems/faraday-0.14.0/lib/faraday/connection.rb:377:in `run_request'
/Users/yyong/.rbenv/versions/2.2.1/lib/ruby/gems/2.2.0/gems/faraday-0.14.0/lib/faraday/connection.rb:175:in `post'
/Users/yyong/.rbenv/versions/2.2.1/lib/ruby/gems/2.2.0/gems/twilio-ruby-5.7.2/lib/twilio-ruby/http/http_client.rb:36:in `_request'
/Users/yyong/.rbenv/versions/2.2.1/lib/ruby/gems/2.2.0/gems/twilio-ruby-5.7.2/lib/twilio-ruby/http/http_client.rb:54:in `request'
/Users/yyong/.rbenv/versions/2.2.1/lib/ruby/gems/2.2.0/gems/twilio-ruby-5.7.2/lib/twilio-ruby/rest/client.rb:72:in `request'
/Users/yyong/.rbenv/versions/2.2.1/lib/ruby/gems/2.2.0/gems/twilio-ruby-5.7.2/lib/twilio-ruby/framework/domain.rb:20:in `request'
/Users/yyong/.rbenv/versions/2.2.1/lib/ruby/gems/2.2.0/gems/twilio-ruby-5.7.2/lib/twilio-ruby/framework/version.rb:51:in `request'
/Users/yyong/.rbenv/versions/2.2.1/lib/ruby/gems/2.2.0/gems/twilio-ruby-5.7.2/lib/twilio-ruby/framework/version.rb:154:in `create'
/Users/yyong/.rbenv/versions/2.2.1/lib/ruby/gems/2.2.0/gems/twilio-ruby-5.7.2/lib/twilio-ruby/rest/api/v2010/account/message.rb:71:in `create'
/Users/yyong/rbdev/peatio/app/models/worker/sms_notification.rb:9:in `process'
/Users/yyong/rbdev/peatio/lib/daemons/amqp_daemon.rb:61:in `block (2 levels) in <top (required)>'
/Users/yyong/.rbenv/versions/2.2.1/lib/ruby/gems/2.2.0/gems/bunny-1.2.1/lib/bunny/consumer.rb:56:in `call'
/Users/yyong/.rbenv/versions/2.2.1/lib/ruby/gems/2.2.0/gems/bunny-1.2.1/lib/bunny/consumer.rb:56:in `call'
/Users/yyong/.rbenv/versions/2.2.1/lib/ruby/gems/2.2.0/gems/bunny-1.2.1/lib/bunny/channel.rb:1672:in `block in handle_frameset'
/Users/yyong/.rbenv/versions/2.2.1/lib/ruby/gems/2.2.0/gems/bunny-1.2.1/lib/bunny/consumer_work_pool.rb:84:in `call'
/Users/yyong/.rbenv/versions/2.2.1/lib/ruby/gems/2.2.0/gems/bunny-1.2.1/lib/bunny/consumer_work_pool.rb:84:in `block (2 levels) in run_loop'
/Users/yyong/.rbenv/versions/2.2.1/lib/ruby/gems/2.2.0/gems/bunny-1.2.1/lib/bunny/consumer_work_pool.rb:80:in `loop'
/Users/yyong/.rbenv/versions/2.2.1/lib/ruby/gems/2.2.0/gems/bunny-1.2.1/lib/bunny/consumer_work_pool.rb:80:in `block in run_loop'
/Users/yyong/.rbenv/versions/2.2.1/lib/ruby/gems/2.2.0/gems/bunny-1.2.1/lib/bunny/consumer_work_pool.rb:79:in `catch'
/Users/yyong/.rbenv/versions/2.2.1/lib/ruby/gems/2.2.0/gems/bunny-1.2.1/lib/bunny/consumer_work_pool.rb:79:in `run_loop'
I, [2018-05-08T16:34:35.199225 #19225]  INFO -- : Received: {"mailer_class":"MemberMailer","method":"notify_signin","args":[1],"locale":"en"}
I, [2018-05-10T14:01:19.233552 #19225]  INFO -- : Received: {"mailer_class":"MemberMailer","method":"notify_signin","args":[1],"locale":"en"}
Terminating threads ..
Stopped.
