peatio:amqp:matching: process with pid 2851 started.
I, [2018-05-02T16:30:31.454741 #2851]  INFO -- : Connected to AMQP broker (prefetch: default)
D, [2018-05-02T16:30:31.456946 #2851] DEBUG -- : orderbook broadcast: {:action=>"new", :market=>"btccny", :side=>:ask}
D, [2018-05-02T16:30:31.465510 #2851] DEBUG -- : orderbook broadcast: {:action=>"new", :market=>"btccny", :side=>:bid}
I, [2018-05-02T16:30:31.487033 #2851]  INFO -- : btccny engine already started. mode=run
D, [2018-05-02T16:30:31.487310 #2851] DEBUG -- : orderbook broadcast: {:action=>"new", :market=>"ethcny", :side=>:ask}
D, [2018-05-02T16:30:31.487789 #2851] DEBUG -- : orderbook broadcast: {:action=>"new", :market=>"ethcny", :side=>:bid}
I, [2018-05-02T16:30:31.489419 #2851]  INFO -- : ethcny engine already started. mode=run
D, [2018-05-02T16:30:31.489671 #2851] DEBUG -- : orderbook broadcast: {:action=>"new", :market=>"ethbtc", :side=>:ask}
D, [2018-05-02T16:30:31.490118 #2851] DEBUG -- : orderbook broadcast: {:action=>"new", :market=>"ethbtc", :side=>:bid}
I, [2018-05-02T16:30:31.491917 #2851]  INFO -- : ethbtc engine already started. mode=run
I, [2018-05-02T16:30:31.492140 #2851]  INFO -- : All engines reloaded.
I, [2018-05-02T16:33:05.626398 #2851]  INFO -- : Received: {"action":"submit","order":{"id":1,"market":"ethbtc","type":"bid","ord_type":"limit","volume":"100.0","price":"0.0076","locked":"0.76","timestamp":1525249985},"locale":"en"}
D, [2018-05-02T16:33:05.631512 #2851] DEBUG -- : orderbook broadcast: {:action=>"add", :order=>{:id=>1, :timestamp=>1525249985, :type=>:bid, :volume=>#<BigDecimal:7fa76b1c9e30,'0.1E3',9(18)>, :price=>#<BigDecimal:7fa76b1c9de0,'0.76E-2',9(18)>, :market=>"ethbtc", :ord_type=>"limit"}}
I, [2018-05-02T16:33:45.887403 #2851]  INFO -- : Received: {"action":"submit","order":{"id":2,"market":"ethbtc","type":"ask","ord_type":"limit","volume":"100.0","price":"0.074","locked":"100.0","timestamp":1525250025},"locale":"en"}
D, [2018-05-02T16:33:45.888467 #2851] DEBUG -- : orderbook broadcast: {:action=>"add", :order=>{:id=>2, :timestamp=>1525250025, :type=>:ask, :volume=>#<BigDecimal:7fa76aa566a8,'0.1E3',9(18)>, :price=>#<BigDecimal:7fa76aa56658,'0.74E-1',9(18)>, :market=>"ethbtc", :ord_type=>"limit"}}
I, [2018-05-02T16:59:50.438821 #2851]  INFO -- : Received: {"action":"submit","order":{"id":3,"market":"ethbtc","type":"bid","ord_type":"limit","volume":"100.0","price":"0.0077","locked":"0.77","timestamp":1525251590},"locale":"en"}
D, [2018-05-02T16:59:50.444255 #2851] DEBUG -- : orderbook broadcast: {:action=>"add", :order=>{:id=>3, :timestamp=>1525251590, :type=>:bid, :volume=>#<BigDecimal:7fa7693f3708,'0.1E3',9(18)>, :price=>#<BigDecimal:7fa7693f36b8,'0.77E-2',9(18)>, :market=>"ethbtc", :ord_type=>"limit"}}
I, [2018-05-02T17:18:19.365535 #2851]  INFO -- : Received: {"action":"submit","order":{"id":4,"market":"ethbtc","type":"bid","ord_type":"limit","volume":"100.0","price":"0.0077","locked":"0.77","timestamp":1525252699},"locale":"en"}
D, [2018-05-02T17:18:19.370675 #2851] DEBUG -- : orderbook broadcast: {:action=>"add", :order=>{:id=>4, :timestamp=>1525252699, :type=>:bid, :volume=>#<BigDecimal:7fa76a2c7f68,'0.1E3',9(18)>, :price=>#<BigDecimal:7fa76a2c7f18,'0.77E-2',9(18)>, :market=>"ethbtc", :ord_type=>"limit"}}
I, [2018-05-02T17:18:59.829941 #2851]  INFO -- : Received: {"action":"submit","order":{"id":5,"market":"ethbtc","type":"bid","ord_type":"limit","volume":"100.0","price":"0.0077","locked":"0.77","timestamp":1525252739},"locale":"en"}
D, [2018-05-02T17:18:59.830735 #2851] DEBUG -- : orderbook broadcast: {:action=>"add", :order=>{:id=>5, :timestamp=>1525252739, :type=>:bid, :volume=>#<BigDecimal:7fa76b1d1e28,'0.1E3',9(18)>, :price=>#<BigDecimal:7fa76b1d1dd8,'0.77E-2',9(18)>, :market=>"ethbtc", :ord_type=>"limit"}}
I, [2018-05-02T17:21:03.926396 #2851]  INFO -- : Received: {"action":"submit","order":{"id":6,"market":"ethbtc","type":"bid","ord_type":"limit","volume":"100.0","price":"0.0076","locked":"0.76","timestamp":1525252863},"locale":"en"}
D, [2018-05-02T17:21:03.927558 #2851] DEBUG -- : orderbook broadcast: {:action=>"add", :order=>{:id=>6, :timestamp=>1525252863, :type=>:bid, :volume=>#<BigDecimal:7fa76a2fddc0,'0.1E3',9(18)>, :price=>#<BigDecimal:7fa76a2fdd70,'0.76E-2',9(18)>, :market=>"ethbtc", :ord_type=>"limit"}}
Terminating threads ..
Stopped.
peatio:amqp:matching: process with pid 15899 started.
I, [2018-05-02T17:27:01.823539 #15899]  INFO -- : Connected to AMQP broker (prefetch: default)
D, [2018-05-02T17:27:01.825670 #15899] DEBUG -- : orderbook broadcast: {:action=>"new", :market=>"btccny", :side=>:ask}
D, [2018-05-02T17:27:01.832148 #15899] DEBUG -- : orderbook broadcast: {:action=>"new", :market=>"btccny", :side=>:bid}
I, [2018-05-02T17:27:01.851722 #15899]  INFO -- : btccny engine already started. mode=run
D, [2018-05-02T17:27:01.851962 #15899] DEBUG -- : orderbook broadcast: {:action=>"new", :market=>"ethcny", :side=>:ask}
D, [2018-05-02T17:27:01.852378 #15899] DEBUG -- : orderbook broadcast: {:action=>"new", :market=>"ethcny", :side=>:bid}
I, [2018-05-02T17:27:01.854173 #15899]  INFO -- : ethcny engine already started. mode=run
D, [2018-05-02T17:27:01.854404 #15899] DEBUG -- : orderbook broadcast: {:action=>"new", :market=>"ethbtc", :side=>:ask}
D, [2018-05-02T17:27:01.854770 #15899] DEBUG -- : orderbook broadcast: {:action=>"new", :market=>"ethbtc", :side=>:bid}
D, [2018-05-02T17:27:01.893598 #15899] DEBUG -- : orderbook broadcast: {:action=>"add", :order=>{:id=>1, :timestamp=>1525249985, :type=>:bid, :volume=>#<BigDecimal:7fedac60e540,'0.1E3',9(36)>, :price=>#<BigDecimal:7fedac60e5b8,'0.76E-2',9(27)>, :market=>"ethbtc", :ord_type=>"limit"}}
D, [2018-05-02T17:27:01.894385 #15899] DEBUG -- : orderbook broadcast: {:action=>"add", :order=>{:id=>2, :timestamp=>1525250025, :type=>:ask, :volume=>#<BigDecimal:7fedac60e158,'0.1E3',9(36)>, :price=>#<BigDecimal:7fedac60e1d0,'0.74E-1',9(27)>, :market=>"ethbtc", :ord_type=>"limit"}}
D, [2018-05-02T17:27:01.895269 #15899] DEBUG -- : orderbook broadcast: {:action=>"add", :order=>{:id=>3, :timestamp=>1525251590, :type=>:bid, :volume=>#<BigDecimal:7fedac60dc80,'0.1E3',9(36)>, :price=>#<BigDecimal:7fedac60dd70,'0.77E-2',9(27)>, :market=>"ethbtc", :ord_type=>"limit"}}
D, [2018-05-02T17:27:01.896163 #15899] DEBUG -- : orderbook broadcast: {:action=>"add", :order=>{:id=>4, :timestamp=>1525252699, :type=>:bid, :volume=>#<BigDecimal:7fedac60d618,'0.1E3',9(36)>, :price=>#<BigDecimal:7fedac60d708,'0.77E-2',9(27)>, :market=>"ethbtc", :ord_type=>"limit"}}
D, [2018-05-02T17:27:01.897035 #15899] DEBUG -- : orderbook broadcast: {:action=>"add", :order=>{:id=>5, :timestamp=>1525252739, :type=>:bid, :volume=>#<BigDecimal:7fedac60d0c8,'0.1E3',9(36)>, :price=>#<BigDecimal:7fedac60d140,'0.77E-2',9(27)>, :market=>"ethbtc", :ord_type=>"limit"}}
D, [2018-05-02T17:27:01.897841 #15899] DEBUG -- : orderbook broadcast: {:action=>"add", :order=>{:id=>6, :timestamp=>1525252863, :type=>:bid, :volume=>#<BigDecimal:7fedac60cce0,'0.1E3',9(36)>, :price=>#<BigDecimal:7fedac60cd58,'0.76E-2',9(27)>, :market=>"ethbtc", :ord_type=>"limit"}}
I, [2018-05-02T17:27:01.898308 #15899]  INFO -- : ethbtc engine already started. mode=run
I, [2018-05-02T17:27:01.898546 #15899]  INFO -- : All engines reloaded.
I, [2018-05-02T17:27:34.652712 #15899]  INFO -- : Received: {"action":"submit","order":{"id":7,"market":"ethbtc","type":"ask","ord_type":"limit","volume":"100.0","price":"0.074","locked":"100.0","timestamp":1525253254},"locale":"en"}
D, [2018-05-02T17:27:34.653573 #15899] DEBUG -- : orderbook broadcast: {:action=>"add", :order=>{:id=>7, :timestamp=>1525253254, :type=>:ask, :volume=>#<BigDecimal:7fedac6cd350,'0.1E3',9(18)>, :price=>#<BigDecimal:7fedac6cd300,'0.74E-1',9(18)>, :market=>"ethbtc", :ord_type=>"limit"}}
I, [2018-05-02T17:33:42.953259 #15899]  INFO -- : Received: {"action":"submit","order":{"id":8,"market":"ethbtc","type":"bid","ord_type":"limit","volume":"100.0","price":"0.074","locked":"7.4","timestamp":1525253622},"locale":"en"}
D, [2018-05-02T17:33:42.957988 #15899] DEBUG -- : orderbook broadcast: {:action=>"remove", :order=>{:id=>2, :timestamp=>1525250025, :type=>:ask, :volume=>#<BigDecimal:7fedac6e8948,'0.0',9(18)>, :price=>#<BigDecimal:7fedac60e1d0,'0.74E-1',9(27)>, :market=>"ethbtc", :ord_type=>"limit"}}
I, [2018-05-02T17:33:42.963195 #15899]  INFO -- : [ethbtc] new trade - ask: 2/$0.074/0.0 bid: 8/$0.074/0.0 price: 0.074 volume: 100.0 funds: 7.4
I, [2018-05-02T17:34:26.805421 #15899]  INFO -- : Received: {"action":"submit","order":{"id":9,"market":"ethbtc","type":"ask","ord_type":"limit","volume":"100.0","price":"0.074","locked":"100.0","timestamp":1525253666},"locale":"en"}
D, [2018-05-02T17:34:26.807021 #15899] DEBUG -- : orderbook broadcast: {:action=>"add", :order=>{:id=>9, :timestamp=>1525253666, :type=>:ask, :volume=>#<BigDecimal:7fedb036b2d0,'0.1E3',9(18)>, :price=>#<BigDecimal:7fedb036b280,'0.74E-1',9(18)>, :market=>"ethbtc", :ord_type=>"limit"}}
Terminating threads ..
Stopped.
peatio:amqp:matching: process with pid 19310 started.
I, [2018-05-02T17:39:55.523702 #19310]  INFO -- : Connected to AMQP broker (prefetch: default)
D, [2018-05-02T17:39:55.524143 #19310] DEBUG -- : orderbook broadcast: {:action=>"new", :market=>"btccny", :side=>:ask}
D, [2018-05-02T17:39:55.531713 #19310] DEBUG -- : orderbook broadcast: {:action=>"new", :market=>"btccny", :side=>:bid}
I, [2018-05-02T17:39:55.551613 #19310]  INFO -- : btccny engine already started. mode=run
D, [2018-05-02T17:39:55.551845 #19310] DEBUG -- : orderbook broadcast: {:action=>"new", :market=>"ethcny", :side=>:ask}
D, [2018-05-02T17:39:55.552389 #19310] DEBUG -- : orderbook broadcast: {:action=>"new", :market=>"ethcny", :side=>:bid}
I, [2018-05-02T17:39:55.554206 #19310]  INFO -- : ethcny engine already started. mode=run
D, [2018-05-02T17:39:55.554492 #19310] DEBUG -- : orderbook broadcast: {:action=>"new", :market=>"ethbtc", :side=>:ask}
D, [2018-05-02T17:39:55.555098 #19310] DEBUG -- : orderbook broadcast: {:action=>"new", :market=>"ethbtc", :side=>:bid}
D, [2018-05-02T17:39:55.594465 #19310] DEBUG -- : orderbook broadcast: {:action=>"add", :order=>{:id=>1, :timestamp=>1525249985, :type=>:bid, :volume=>#<BigDecimal:7f90ecfcccc0,'0.1E3',9(36)>, :price=>#<BigDecimal:7f90ecfccd38,'0.76E-2',9(27)>, :market=>"ethbtc", :ord_type=>"limit"}}
D, [2018-05-02T17:39:55.595672 #19310] DEBUG -- : orderbook broadcast: {:action=>"add", :order=>{:id=>3, :timestamp=>1525251590, :type=>:bid, :volume=>#<BigDecimal:7f90ecfcc8d8,'0.1E3',9(36)>, :price=>#<BigDecimal:7f90ecfcc950,'0.77E-2',9(27)>, :market=>"ethbtc", :ord_type=>"limit"}}
D, [2018-05-02T17:39:55.596514 #19310] DEBUG -- : orderbook broadcast: {:action=>"add", :order=>{:id=>4, :timestamp=>1525252699, :type=>:bid, :volume=>#<BigDecimal:7f90ecfcc4f0,'0.1E3',9(36)>, :price=>#<BigDecimal:7f90ecfcc568,'0.77E-2',9(27)>, :market=>"ethbtc", :ord_type=>"limit"}}
D, [2018-05-02T17:39:55.597193 #19310] DEBUG -- : orderbook broadcast: {:action=>"add", :order=>{:id=>5, :timestamp=>1525252739, :type=>:bid, :volume=>#<BigDecimal:7f90ecfcc108,'0.1E3',9(36)>, :price=>#<BigDecimal:7f90ecfcc180,'0.77E-2',9(27)>, :market=>"ethbtc", :ord_type=>"limit"}}
D, [2018-05-02T17:39:55.597917 #19310] DEBUG -- : orderbook broadcast: {:action=>"add", :order=>{:id=>6, :timestamp=>1525252863, :type=>:bid, :volume=>#<BigDecimal:7f90ee533c30,'0.1E3',9(36)>, :price=>#<BigDecimal:7f90ee533ca8,'0.76E-2',9(27)>, :market=>"ethbtc", :ord_type=>"limit"}}
D, [2018-05-02T17:39:55.598758 #19310] DEBUG -- : orderbook broadcast: {:action=>"add", :order=>{:id=>7, :timestamp=>1525253254, :type=>:ask, :volume=>#<BigDecimal:7f90ee533500,'0.1E3',9(36)>, :price=>#<BigDecimal:7f90ee533618,'0.74E-1',9(27)>, :market=>"ethbtc", :ord_type=>"limit"}}
D, [2018-05-02T17:39:55.599716 #19310] DEBUG -- : orderbook broadcast: {:action=>"add", :order=>{:id=>9, :timestamp=>1525253666, :type=>:ask, :volume=>#<BigDecimal:7f90ee532f88,'0.1E3',9(36)>, :price=>#<BigDecimal:7f90ee533000,'0.74E-1',9(27)>, :market=>"ethbtc", :ord_type=>"limit"}}
I, [2018-05-02T17:39:55.600230 #19310]  INFO -- : ethbtc engine already started. mode=run
I, [2018-05-02T17:39:55.600456 #19310]  INFO -- : All engines reloaded.
I, [2018-05-02T17:40:46.005888 #19310]  INFO -- : Received: {"action":"submit","order":{"id":10,"market":"ethbtc","type":"bid","ord_type":"limit","volume":"300.0","price":"0.0078","locked":"2.34","timestamp":1525254045},"locale":"en"}
D, [2018-05-02T17:40:46.006717 #19310] DEBUG -- : orderbook broadcast: {:action=>"add", :order=>{:id=>10, :timestamp=>1525254045, :type=>:bid, :volume=>#<BigDecimal:7f90ee541a88,'0.3E3',9(18)>, :price=>#<BigDecimal:7f90ee541a38,'0.78E-2',9(18)>, :market=>"ethbtc", :ord_type=>"limit"}}
I, [2018-05-02T17:42:12.324256 #19310]  INFO -- : Received: {"action":"submit","order":{"id":11,"market":"ethbtc","type":"ask","ord_type":"limit","volume":"300.0","price":"0.0076","locked":"300.0","timestamp":1525254132},"locale":"en"}
D, [2018-05-02T17:42:12.325340 #19310] DEBUG -- : orderbook broadcast: {:action=>"remove", :order=>{:id=>10, :timestamp=>1525254045, :type=>:bid, :volume=>#<BigDecimal:7f90ed7af730,'0.0',9(18)>, :price=>#<BigDecimal:7f90ee541a38,'0.78E-2',9(18)>, :market=>"ethbtc", :ord_type=>"limit"}}
I, [2018-05-02T17:42:12.325956 #19310]  INFO -- : [ethbtc] new trade - ask: 11/$0.0076/0.0 bid: 10/$0.0078/0.0 price: 0.0078 volume: 300.0 funds: 2.34
I, [2018-05-02T17:43:36.796530 #19310]  INFO -- : Received: {"action":"submit","order":{"id":12,"market":"ethbtc","type":"bid","ord_type":"limit","volume":"1000.0","price":"0.0078","locked":"7.8","timestamp":1525254216},"locale":"en"}
D, [2018-05-02T17:43:36.797517 #19310] DEBUG -- : orderbook broadcast: {:action=>"add", :order=>{:id=>12, :timestamp=>1525254216, :type=>:bid, :volume=>#<BigDecimal:7f90f0abfad0,'0.1E4',9(18)>, :price=>#<BigDecimal:7f90f0abfa80,'0.78E-2',9(18)>, :market=>"ethbtc", :ord_type=>"limit"}}
I, [2018-05-02T17:44:02.632916 #19310]  INFO -- : Received: {"action":"submit","order":{"id":13,"market":"ethbtc","type":"ask","ord_type":"limit","volume":"100.0","price":"0.0077","locked":"100.0","timestamp":1525254242},"locale":"en"}
D, [2018-05-02T17:44:02.633804 #19310] DEBUG -- : orderbook broadcast: {:action=>"update", :order=>{:id=>12, :timestamp=>1525254216, :type=>:bid, :volume=>#<BigDecimal:7f90ed79c518,'0.9E3',9(18)>, :price=>#<BigDecimal:7f90f0abfa80,'0.78E-2',9(18)>, :market=>"ethbtc", :ord_type=>"limit"}}
I, [2018-05-02T17:44:02.634660 #19310]  INFO -- : [ethbtc] new trade - ask: 13/$0.0077/0.0 bid: 12/$0.0078/900.0 price: 0.0078 volume: 100.0 funds: 0.78
I, [2018-05-02T17:44:23.242832 #19310]  INFO -- : Received: {"action":"submit","order":{"id":14,"market":"ethbtc","type":"ask","ord_type":"limit","volume":"1000.0","price":"0.0075","locked":"1000.0","timestamp":1525254263},"locale":"en"}
D, [2018-05-02T17:44:23.245138 #19310] DEBUG -- : orderbook broadcast: {:action=>"remove", :order=>{:id=>12, :timestamp=>1525254216, :type=>:bid, :volume=>#<BigDecimal:7f90ed7940e8,'0.0',9(18)>, :price=>#<BigDecimal:7f90f0abfa80,'0.78E-2',9(18)>, :market=>"ethbtc", :ord_type=>"limit"}}
I, [2018-05-02T17:44:23.246242 #19310]  INFO -- : [ethbtc] new trade - ask: 14/$0.0075/100.0 bid: 12/$0.0078/0.0 price: 0.0078 volume: 900.0 funds: 7.02
D, [2018-05-02T17:44:23.248227 #19310] DEBUG -- : orderbook broadcast: {:action=>"remove", :order=>{:id=>3, :timestamp=>1525251590, :type=>:bid, :volume=>#<BigDecimal:7f90ed78f638,'0.0',9(18)>, :price=>#<BigDecimal:7f90ecfcc950,'0.77E-2',9(27)>, :market=>"ethbtc", :ord_type=>"limit"}}
I, [2018-05-02T17:44:23.249097 #19310]  INFO -- : [ethbtc] new trade - ask: 14/$0.0075/0.0 bid: 3/$0.0077/0.0 price: 0.0077 volume: 100.0 funds: 0.77
I, [2018-05-02T17:44:51.019498 #19310]  INFO -- : Received: {"action":"submit","order":{"id":15,"market":"ethbtc","type":"ask","ord_type":"limit","volume":"300.0","price":"0.0079","locked":"300.0","timestamp":1525254290},"locale":"en"}
D, [2018-05-02T17:44:51.020500 #19310] DEBUG -- : orderbook broadcast: {:action=>"add", :order=>{:id=>15, :timestamp=>1525254290, :type=>:ask, :volume=>#<BigDecimal:7f90ed787028,'0.3E3',9(18)>, :price=>#<BigDecimal:7f90ed786fd8,'0.79E-2',9(18)>, :market=>"ethbtc", :ord_type=>"limit"}}
I, [2018-05-02T17:45:55.869945 #19310]  INFO -- : Received: {"action":"cancel","order":{"id":9,"market":"ethbtc","type":"ask","ord_type":"limit","volume":"100.0","price":"0.074","locked":"100.0","timestamp":1525253666},"locale":"en"}
D, [2018-05-02T17:45:55.871761 #19310] DEBUG -- : orderbook broadcast: {:action=>"remove", :order=>{:id=>9, :timestamp=>1525253666, :type=>:ask, :volume=>#<BigDecimal:7f90ee532f88,'0.1E3',9(36)>, :price=>#<BigDecimal:7f90ee533000,'0.74E-1',9(27)>, :market=>"ethbtc", :ord_type=>"limit"}}
I, [2018-05-02T17:45:55.872899 #19310]  INFO -- : [ethbtc] cancel order #9 - reason: cancelled by user
I, [2018-05-02T17:46:02.920611 #19310]  INFO -- : Received: {"action":"cancel","order":{"id":7,"market":"ethbtc","type":"ask","ord_type":"limit","volume":"100.0","price":"0.074","locked":"100.0","timestamp":1525253254},"locale":"en"}
D, [2018-05-02T17:46:02.922505 #19310] DEBUG -- : orderbook broadcast: {:action=>"remove", :order=>{:id=>7, :timestamp=>1525253254, :type=>:ask, :volume=>#<BigDecimal:7f90ee533500,'0.1E3',9(36)>, :price=>#<BigDecimal:7f90ee533618,'0.74E-1',9(27)>, :market=>"ethbtc", :ord_type=>"limit"}}
I, [2018-05-02T17:46:02.923357 #19310]  INFO -- : [ethbtc] cancel order #7 - reason: cancelled by user
I, [2018-05-02T17:46:20.247727 #19310]  INFO -- : Received: {"action":"submit","order":{"id":16,"market":"ethbtc","type":"ask","ord_type":"limit","volume":"1000.0","price":"0.008","locked":"1000.0","timestamp":1525254380},"locale":"en"}
D, [2018-05-02T17:46:20.248345 #19310] DEBUG -- : orderbook broadcast: {:action=>"add", :order=>{:id=>16, :timestamp=>1525254380, :type=>:ask, :volume=>#<BigDecimal:7f90ecf91a80,'0.1E4',9(18)>, :price=>#<BigDecimal:7f90ecf91a30,'0.8E-2',9(18)>, :market=>"ethbtc", :ord_type=>"limit"}}
I, [2018-05-02T17:46:32.775208 #19310]  INFO -- : Received: {"action":"submit","order":{"id":17,"market":"ethbtc","type":"ask","ord_type":"limit","volume":"1000.0","price":"0.0081","locked":"1000.0","timestamp":1525254392},"locale":"en"}
D, [2018-05-02T17:46:32.775773 #19310] DEBUG -- : orderbook broadcast: {:action=>"add", :order=>{:id=>17, :timestamp=>1525254392, :type=>:ask, :volume=>#<BigDecimal:7f90ee5447b0,'0.1E4',9(18)>, :price=>#<BigDecimal:7f90ee544760,'0.81E-2',9(18)>, :market=>"ethbtc", :ord_type=>"limit"}}
I, [2018-05-02T17:46:57.390913 #19310]  INFO -- : Received: {"action":"submit","order":{"id":18,"market":"ethbtc","type":"bid","ord_type":"limit","volume":"1000.0","price":"0.0075","locked":"7.5","timestamp":1525254417},"locale":"en"}
D, [2018-05-02T17:46:57.392144 #19310] DEBUG -- : orderbook broadcast: {:action=>"add", :order=>{:id=>18, :timestamp=>1525254417, :type=>:bid, :volume=>#<BigDecimal:7f90ee5555b0,'0.1E4',9(18)>, :price=>#<BigDecimal:7f90ee555560,'0.75E-2',9(18)>, :market=>"ethbtc", :ord_type=>"limit"}}
I, [2018-05-02T17:47:14.266107 #19310]  INFO -- : Received: {"action":"submit","order":{"id":19,"market":"ethbtc","type":"bid","ord_type":"limit","volume":"1000.0","price":"0.0074","locked":"7.4","timestamp":1525254434},"locale":"en"}
D, [2018-05-02T17:47:14.266768 #19310] DEBUG -- : orderbook broadcast: {:action=>"add", :order=>{:id=>19, :timestamp=>1525254434, :type=>:bid, :volume=>#<BigDecimal:7f90eecdb898,'0.1E4',9(18)>, :price=>#<BigDecimal:7f90eecdb848,'0.74E-2',9(18)>, :market=>"ethbtc", :ord_type=>"limit"}}
I, [2018-05-02T17:47:47.596699 #19310]  INFO -- : Received: {"action":"submit","order":{"id":20,"market":"ethbtc","type":"bid","ord_type":"limit","volume":"200.0","price":"0.0078","locked":"1.56","timestamp":1525254467},"locale":"en"}
D, [2018-05-02T17:47:47.597513 #19310] DEBUG -- : orderbook broadcast: {:action=>"add", :order=>{:id=>20, :timestamp=>1525254467, :type=>:bid, :volume=>#<BigDecimal:7f90ecf7a1c8,'0.2E3',9(18)>, :price=>#<BigDecimal:7f90ecf7a178,'0.78E-2',9(18)>, :market=>"ethbtc", :ord_type=>"limit"}}
I, [2018-05-02T17:47:58.534634 #19310]  INFO -- : Received: {"action":"submit","order":{"id":21,"market":"ethbtc","type":"ask","ord_type":"limit","volume":"1.0","price":"0.0078","locked":"1.0","timestamp":1525254478},"locale":"en"}
D, [2018-05-02T17:47:58.535792 #19310] DEBUG -- : orderbook broadcast: {:action=>"update", :order=>{:id=>20, :timestamp=>1525254467, :type=>:bid, :volume=>#<BigDecimal:7f90ecf73418,'0.199E3',9(18)>, :price=>#<BigDecimal:7f90ecf7a178,'0.78E-2',9(18)>, :market=>"ethbtc", :ord_type=>"limit"}}
I, [2018-05-02T17:47:58.537008 #19310]  INFO -- : [ethbtc] new trade - ask: 21/$0.0078/0.0 bid: 20/$0.0078/199.0 price: 0.0078 volume: 1.0 funds: 0.0078
I, [2018-05-02T17:49:11.664446 #19310]  INFO -- : Received: {"action":"submit","order":{"id":22,"market":"ethbtc","type":"bid","ord_type":"limit","volume":"200.0","price":"0.5","locked":"100.0","timestamp":1525254551},"locale":"en"}
D, [2018-05-02T17:49:11.665369 #19310] DEBUG -- : orderbook broadcast: {:action=>"update", :order=>{:id=>15, :timestamp=>1525254290, :type=>:ask, :volume=>#<BigDecimal:7f90ee54b510,'0.1E3',9(18)>, :price=>#<BigDecimal:7f90ed786fd8,'0.79E-2',9(18)>, :market=>"ethbtc", :ord_type=>"limit"}}
I, [2018-05-02T17:49:11.666347 #19310]  INFO -- : [ethbtc] new trade - ask: 15/$0.0079/100.0 bid: 22/$0.5/0.0 price: 0.0079 volume: 200.0 funds: 1.58
I, [2018-05-02T17:49:32.888525 #19310]  INFO -- : Received: {"action":"submit","order":{"id":23,"market":"ethbtc","type":"bid","ord_type":"limit","volume":"3000.0","price":"0.5","locked":"1500.0","timestamp":1525254572},"locale":"en"}
D, [2018-05-02T17:49:32.889077 #19310] DEBUG -- : orderbook broadcast: {:action=>"remove", :order=>{:id=>15, :timestamp=>1525254290, :type=>:ask, :volume=>#<BigDecimal:7f90eecd3260,'0.0',9(18)>, :price=>#<BigDecimal:7f90ed786fd8,'0.79E-2',9(18)>, :market=>"ethbtc", :ord_type=>"limit"}}
I, [2018-05-02T17:49:32.889992 #19310]  INFO -- : [ethbtc] new trade - ask: 15/$0.0079/0.0 bid: 23/$0.5/2900.0 price: 0.0079 volume: 100.0 funds: 0.79
D, [2018-05-02T17:49:32.891106 #19310] DEBUG -- : orderbook broadcast: {:action=>"remove", :order=>{:id=>16, :timestamp=>1525254380, :type=>:ask, :volume=>#<BigDecimal:7f90ecf5a3f0,'0.0',9(18)>, :price=>#<BigDecimal:7f90ecf91a30,'0.8E-2',9(18)>, :market=>"ethbtc", :ord_type=>"limit"}}
I, [2018-05-02T17:49:32.891891 #19310]  INFO -- : [ethbtc] new trade - ask: 16/$0.008/0.0 bid: 23/$0.5/1900.0 price: 0.008 volume: 1000.0 funds: 8.0
D, [2018-05-02T17:49:32.893051 #19310] DEBUG -- : orderbook broadcast: {:action=>"remove", :order=>{:id=>17, :timestamp=>1525254392, :type=>:ask, :volume=>#<BigDecimal:7f90f0ad58d0,'0.0',9(18)>, :price=>#<BigDecimal:7f90ee544760,'0.81E-2',9(18)>, :market=>"ethbtc", :ord_type=>"limit"}}
I, [2018-05-02T17:49:32.894067 #19310]  INFO -- : [ethbtc] new trade - ask: 17/$0.0081/0.0 bid: 23/$0.5/900.0 price: 0.0081 volume: 1000.0 funds: 8.1
D, [2018-05-02T17:49:32.894773 #19310] DEBUG -- : orderbook broadcast: {:action=>"add", :order=>{:id=>23, :timestamp=>1525254572, :type=>:bid, :volume=>#<BigDecimal:7f90ecf53550,'0.9E3',9(18)>, :price=>#<BigDecimal:7f90eecd3580,'0.5E0',9(18)>, :market=>"ethbtc", :ord_type=>"limit"}}
I, [2018-05-02T17:49:57.621892 #19310]  INFO -- : Received: {"action":"submit","order":{"id":24,"market":"ethbtc","type":"ask","ord_type":"limit","volume":"900.0","price":"0.5","locked":"900.0","timestamp":1525254597},"locale":"en"}
D, [2018-05-02T17:49:57.622701 #19310] DEBUG -- : orderbook broadcast: {:action=>"remove", :order=>{:id=>23, :timestamp=>1525254572, :type=>:bid, :volume=>#<BigDecimal:7f90ecf49c58,'0.0',9(18)>, :price=>#<BigDecimal:7f90eecd3580,'0.5E0',9(18)>, :market=>"ethbtc", :ord_type=>"limit"}}
I, [2018-05-02T17:49:57.623589 #19310]  INFO -- : [ethbtc] new trade - ask: 24/$0.5/0.0 bid: 23/$0.5/0.0 price: 0.5 volume: 900.0 funds: 450.0
I, [2018-05-02T17:50:32.349384 #19310]  INFO -- : Received: {"action":"submit","order":{"id":25,"market":"ethbtc","type":"bid","ord_type":"limit","volume":"900.0","price":"0.41","locked":"369.0","timestamp":1525254632},"locale":"en"}
D, [2018-05-02T17:50:32.350330 #19310] DEBUG -- : orderbook broadcast: {:action=>"add", :order=>{:id=>25, :timestamp=>1525254632, :type=>:bid, :volume=>#<BigDecimal:7f90ed775850,'0.9E3',9(18)>, :price=>#<BigDecimal:7f90ed775800,'0.41E0',9(18)>, :market=>"ethbtc", :ord_type=>"limit"}}
I, [2018-05-02T17:50:40.717982 #19310]  INFO -- : Received: {"action":"submit","order":{"id":26,"market":"ethbtc","type":"ask","ord_type":"limit","volume":"900.0","price":"0.41","locked":"900.0","timestamp":1525254640},"locale":"en"}
D, [2018-05-02T17:50:40.718633 #19310] DEBUG -- : orderbook broadcast: {:action=>"remove", :order=>{:id=>25, :timestamp=>1525254632, :type=>:bid, :volume=>#<BigDecimal:7f90ed76fd60,'0.0',9(18)>, :price=>#<BigDecimal:7f90ed775800,'0.41E0',9(18)>, :market=>"ethbtc", :ord_type=>"limit"}}
I, [2018-05-02T17:50:40.719300 #19310]  INFO -- : [ethbtc] new trade - ask: 26/$0.41/0.0 bid: 25/$0.41/0.0 price: 0.41 volume: 900.0 funds: 369.0
I, [2018-05-02T17:50:49.204419 #19310]  INFO -- : Received: {"action":"submit","order":{"id":27,"market":"ethbtc","type":"bid","ord_type":"limit","volume":"900.0","price":"0.43","locked":"387.0","timestamp":1525254649},"locale":"en"}
D, [2018-05-02T17:50:49.205394 #19310] DEBUG -- : orderbook broadcast: {:action=>"add", :order=>{:id=>27, :timestamp=>1525254649, :type=>:bid, :volume=>#<BigDecimal:7f90f0ac8130,'0.9E3',9(18)>, :price=>#<BigDecimal:7f90f0ac80e0,'0.43E0',9(18)>, :market=>"ethbtc", :ord_type=>"limit"}}
I, [2018-05-02T17:50:55.308141 #19310]  INFO -- : Received: {"action":"submit","order":{"id":28,"market":"ethbtc","type":"ask","ord_type":"limit","volume":"900.0","price":"0.43","locked":"900.0","timestamp":1525254655},"locale":"en"}
D, [2018-05-02T17:50:55.308563 #19310] DEBUG -- : orderbook broadcast: {:action=>"remove", :order=>{:id=>27, :timestamp=>1525254649, :type=>:bid, :volume=>#<BigDecimal:7f90f0ada100,'0.0',9(18)>, :price=>#<BigDecimal:7f90f0ac80e0,'0.43E0',9(18)>, :market=>"ethbtc", :ord_type=>"limit"}}
I, [2018-05-02T17:50:55.309522 #19310]  INFO -- : [ethbtc] new trade - ask: 28/$0.43/0.0 bid: 27/$0.43/0.0 price: 0.43 volume: 900.0 funds: 387.0
I, [2018-05-02T17:51:07.439841 #19310]  INFO -- : Received: {"action":"submit","order":{"id":29,"market":"ethbtc","type":"bid","ord_type":"limit","volume":"900.0","price":"0.39","locked":"351.0","timestamp":1525254667},"locale":"en"}
D, [2018-05-02T17:51:07.442268 #19310] DEBUG -- : orderbook broadcast: {:action=>"add", :order=>{:id=>29, :timestamp=>1525254667, :type=>:bid, :volume=>#<BigDecimal:7f90ee54caf0,'0.9E3',9(18)>, :price=>#<BigDecimal:7f90ee54caa0,'0.39E0',9(18)>, :market=>"ethbtc", :ord_type=>"limit"}}
I, [2018-05-02T17:51:13.462814 #19310]  INFO -- : Received: {"action":"submit","order":{"id":30,"market":"ethbtc","type":"ask","ord_type":"limit","volume":"900.0","price":"0.39","locked":"900.0","timestamp":1525254673},"locale":"en"}
D, [2018-05-02T17:51:13.463750 #19310] DEBUG -- : orderbook broadcast: {:action=>"remove", :order=>{:id=>29, :timestamp=>1525254667, :type=>:bid, :volume=>#<BigDecimal:7f90f181ecd0,'0.0',9(18)>, :price=>#<BigDecimal:7f90ee54caa0,'0.39E0',9(18)>, :market=>"ethbtc", :ord_type=>"limit"}}
I, [2018-05-02T17:51:13.464752 #19310]  INFO -- : [ethbtc] new trade - ask: 30/$0.39/0.0 bid: 29/$0.39/0.0 price: 0.39 volume: 900.0 funds: 351.0
I, [2018-05-03T12:54:55.720570 #19310]  INFO -- : Received: {"action":"submit","order":{"id":31,"market":"ethbtc","type":"ask","ord_type":"limit","volume":"199.0","price":"0.0078","locked":"199.0","timestamp":1525323295},"locale":"en"}
D, [2018-05-03T12:54:55.735283 #19310] DEBUG -- : orderbook broadcast: {:action=>"remove", :order=>{:id=>20, :timestamp=>1525254467, :type=>:bid, :volume=>#<BigDecimal:7f90ed270120,'0.0',9(18)>, :price=>#<BigDecimal:7f90ecf7a178,'0.78E-2',9(18)>, :market=>"ethbtc", :ord_type=>"limit"}}
I, [2018-05-03T12:54:55.741602 #19310]  INFO -- : [ethbtc] new trade - ask: 31/$0.0078/0.0 bid: 20/$0.0078/0.0 price: 0.0078 volume: 199.0 funds: 1.5522
I, [2018-05-08T16:35:30.190613 #19310]  INFO -- : Received: {"action":"submit","order":{"id":32,"market":"ethbtc","type":"bid","ord_type":"limit","volume":"200.0","price":"0.0077","locked":"1.54","timestamp":1525768529},"locale":"en"}
D, [2018-05-08T16:35:30.324322 #19310] DEBUG -- : orderbook broadcast: {:action=>"add", :order=>{:id=>32, :timestamp=>1525768529, :type=>:bid, :volume=>#<BigDecimal:7f90ecd581b0,'0.2E3',9(18)>, :price=>#<BigDecimal:7f90ecd58160,'0.77E-2',9(18)>, :market=>"ethbtc", :ord_type=>"limit"}}
E, [2018-05-09T02:27:00.367184 #19310] ERROR -- #<Bunny::Session:70130172309840 guest@127.0.0.1:5672, vhost=/>: Exception in the reader loop: AMQ::Protocol::EmptyResponseError: Empty response received from the server.
E, [2018-05-09T02:27:00.423596 #19310] ERROR -- #<Bunny::Session:70130172309840 guest@127.0.0.1:5672, vhost=/>: Backtrace: 
E, [2018-05-09T02:27:00.433489 #19310] ERROR -- #<Bunny::Session:70130172309840 guest@127.0.0.1:5672, vhost=/>: 	/Users/yyong/.rbenv/versions/2.2.1/lib/ruby/gems/2.2.0/gems/amq-protocol-1.9.2/lib/amq/protocol/frame.rb:60:in `decode_header'
E, [2018-05-09T02:27:00.433748 #19310] ERROR -- #<Bunny::Session:70130172309840 guest@127.0.0.1:5672, vhost=/>: 	/Users/yyong/.rbenv/versions/2.2.1/lib/ruby/gems/2.2.0/gems/bunny-1.2.1/lib/bunny/transport.rb:208:in `read_next_frame'
E, [2018-05-09T02:27:00.442967 #19310] ERROR -- #<Bunny::Session:70130172309840 guest@127.0.0.1:5672, vhost=/>: 	/Users/yyong/.rbenv/versions/2.2.1/lib/ruby/gems/2.2.0/gems/bunny-1.2.1/lib/bunny/reader_loop.rb:63:in `run_once'
E, [2018-05-09T02:27:00.444514 #19310] ERROR -- #<Bunny::Session:70130172309840 guest@127.0.0.1:5672, vhost=/>: 	/Users/yyong/.rbenv/versions/2.2.1/lib/ruby/gems/2.2.0/gems/bunny-1.2.1/lib/bunny/reader_loop.rb:33:in `block in run_loop'
E, [2018-05-09T02:27:00.446034 #19310] ERROR -- #<Bunny::Session:70130172309840 guest@127.0.0.1:5672, vhost=/>: 	/Users/yyong/.rbenv/versions/2.2.1/lib/ruby/gems/2.2.0/gems/bunny-1.2.1/lib/bunny/reader_loop.rb:30:in `loop'
E, [2018-05-09T02:27:00.446822 #19310] ERROR -- #<Bunny::Session:70130172309840 guest@127.0.0.1:5672, vhost=/>: 	/Users/yyong/.rbenv/versions/2.2.1/lib/ruby/gems/2.2.0/gems/bunny-1.2.1/lib/bunny/reader_loop.rb:30:in `run_loop'
W, [2018-05-09T02:27:00.459819 #19310]  WARN -- #<Bunny::Session:70130172309840 guest@127.0.0.1:5672, vhost=/>: Recovering from a network failure...
